#
# A fatal error has been detected by the Java Runtime Environment:
#
#  EXCEPTION_ACCESS_VIOLATION (0xc0000005) at pc=0x0000000076f0aefb, pid=9204, tid=0x0000000000005e54
#
# JRE version: Java(TM) SE Runtime Environment (8.0_281-b09) (build 1.8.0_281-b09)
# Java VM: Java HotSpot(TM) 64-Bit Server VM (25.281-b09 mixed mode windows-amd64 compressed oops)
# Problematic frame:
# V  [jvm.dll+0x20aefb]
#
# Failed to write core dump. Minidumps are not enabled by default on client versions of Windows
#
# If you would like to submit a bug report, please visit:
#   
#


 []
 0x00000057dd9fa8b0

Registers:
RAX=0x0000000000000006, RBX=0x0000000000000006, RCX=0x00000057dd9fa8b0, RDX=0x0000000000005000
RSP=0x00000057dd9ff8b0, RBP=0x00000057dd9ff9b0, RSI=0x0000000000000006, RDI=0x000001c54c0bc678
R8 =0x0000000000000005, R9 =0x0000000000000006, R10=0x000001c54eae2fe0, R11=0x000001c54c0bc678
R12=0x000001c54f104300, R13=0x00000057dd9ffc80, R14=0x00000057dd9ffbb0, R15=0x00000057dd9ff8b0
RIP=0x0000000076f0aefb, EFLAGS=0x0000000000010206

Top of Stack: (sp=0x00000057dd9ff8b0)
0x00000057dd9ff8b0:   000001c54f110000 0000000000000001
0x00000057dd9ff8c0:   000001c54c0bc678 0000000076dc71ca
0x00000057dd9ff8d0:   000001c54c0bc678 000001c54f110000
0x00000057dd9ff8e0:   0000000000000000 0000000000000000
0x00000057dd9ff8f0:   0000000a00006c00 000001c54c0bc678
0x00000057dd9ff900:   000001c54f110000 000001c5386049a0
0x00000057dd9ff910:   0000000000000001 00007ffc169a4b73
0x00000057dd9ff920:   000001c54c0bc678 00007ffc00000001
0x00000057dd9ff930:   0000000000000005 000001c54f110000
0x00000057dd9ff940:   000001c54c0bc678 000001c54f110000
0x00000057dd9ff950:   000001c54c0bc678 000001c54f110000
0x00000057dd9ff960:   000001c54f110000 000001c54f110000
0x00000057dd9ff970:   0000000000000005 000001c54c0bc678
0x00000057dd9ff980:   0000000100006c48 0000000076dcc457
0x00000057dd9ff990:   000001c54f104300 00000057dd9ff9f1
0x00000057dd9ff9a0:   000001c54c0bc678 0000000000000056 

Instructions: (pc=0x0000000076f0aefb)
0x0000000076f0aedb:   f8 7c 33 48 8b de e8 0a 9c 08 00 48 63 d0 ff c6
0x0000000076f0aeeb:   48 0f af d3 49 8b cf 48 63 c6 48 2b ca 48 ff c3
0x0000000076f0aefb:   c7 01 00 00 00 00 48 3b 05 50 f6 55 00 7e d7 48
0x0000000076f0af0b:   8b 9d e8 00 00 00 48 8d 54 24 48 48 8d 4d 50 e8 


Register to memory mapping:

RAX=0x0000000000000006 is an unknown value
RBX=0x0000000000000006 is an unknown value
RCX=0x00000057dd9fa8b0 is pointing into the stack for thread: 0x000001c54f110000
RDX=0x0000000000005000 is an unknown value
RSP=0x00000057dd9ff8b0 is pointing into the stack for thread: 0x000001c54f110000
RBP=0x00000057dd9ff9b0 is pointing into the stack for thread: 0x000001c54f110000
RSI=0x0000000000000006 is an unknown value
RDI={method} {0x000001c54c0bc680} 'run' '()V' in 'java/lang/Thread'
R8 =0x0000000000000005 is an unknown value
R9 =0x0000000000000006 is an unknown value
R10=0x000001c54eae2fe0 is an unknown value
R11={method} {0x000001c54c0bc680} 'run' '()V' in 'java/lang/Thread'
R12=0x000001c54f104300 is an unknown value
R13=0x00000057dd9ffc80 is pointing into the stack for thread: 0x000001c54f110000
R14=0x00000057dd9ffbb0 is pointing into the stack for thread: 0x000001c54f110000
R15=0x00000057dd9ff8b0 is pointing into the stack for thread: 0x000001c54f110000


Stack: [0x00000057dd900000,0x00000057dda00000],  sp=0x00000057dd9ff8b0,  free space=1022k
Native frames: (J=compiled Java code, j=interpreted, Vv=VM code, C=native code)
V  [jvm.dll+0x20aefb]


---------------  P R O C E S S  ---------------

Java Threads: ( => current thread )
=>0x000001c54f110000 JavaThread "pool-1-thread-46" [_thread_in_vm, id=24148, stack(0x00000057dd900000,0x00000057dda00000)]
  0x000001c54f10f800 JavaThread "pool-1-thread-45" [_thread_blocked, id=24144, stack(0x00000057dd800000,0x00000057dd900000)]
  0x000001c54f108800 JavaThread "ForkJoinPool.commonPool-worker-3" daemon [_thread_blocked, id=24100, stack(0x00000057dd700000,0x00000057dd800000)]
  0x000001c54f108000 JavaThread "ForkJoinPool.commonPool-worker-2" daemon [_thread_blocked, id=24096, stack(0x00000057dd600000,0x00000057dd700000)]
  0x000001c54f10e800 JavaThread "ForkJoinPool.commonPool-worker-1" daemon [_thread_blocked, id=24092, stack(0x00000057dd500000,0x00000057dd600000)]
  0x000001c54f106800 JavaThread "pool-1-thread-44" [_thread_blocked, id=24056, stack(0x00000057dd400000,0x00000057dd500000)]
  0x000001c54f10b000 JavaThread "pool-1-thread-43" [_thread_blocked, id=24052, stack(0x00000057dd300000,0x00000057dd400000)]
  0x000001c54f10b800 JavaThread "pool-1-thread-42" [_thread_blocked, id=24048, stack(0x00000057dd200000,0x00000057dd300000)]
  0x000001c54f10c800 JavaThread "pool-1-thread-41" [_thread_blocked, id=23460, stack(0x00000057dd100000,0x00000057dd200000)]
  0x000001c54f10a000 JavaThread "pool-1-thread-40" [_thread_blocked, id=23456, stack(0x00000057dd000000,0x00000057dd100000)]
  0x000001c54f107000 JavaThread "pool-1-thread-39" [_thread_blocked, id=23452, stack(0x00000057dcf00000,0x00000057dd000000)]
  0x000001c54f109800 JavaThread "pool-1-thread-38" [_thread_blocked, id=23448, stack(0x00000057dce00000,0x00000057dcf00000)]
  0x000001c54f10d000 JavaThread "pool-1-thread-37" [_thread_blocked, id=23444, stack(0x00000057dcd00000,0x00000057dce00000)]
  0x000001c54ee14000 JavaThread "pool-1-thread-36" [_thread_blocked, id=23440, stack(0x00000057dcc00000,0x00000057dcd00000)]
  0x000001c54ee13000 JavaThread "pool-1-thread-35" [_thread_blocked, id=23436, stack(0x00000057dcb00000,0x00000057dcc00000)]
  0x000001c54ee19000 JavaThread "pool-1-thread-34" [_thread_blocked, id=23432, stack(0x00000057dca00000,0x00000057dcb00000)]
  0x000001c54ee18800 JavaThread "pool-1-thread-33" [_thread_blocked, id=23428, stack(0x00000057dc900000,0x00000057dca00000)]
  0x000001c54ee16000 JavaThread "pool-1-thread-32" [_thread_blocked, id=23424, stack(0x00000057dc800000,0x00000057dc900000)]
  0x000001c54ee1a000 JavaThread "pool-1-thread-31" [_thread_blocked, id=23420, stack(0x00000057dc700000,0x00000057dc800000)]
  0x000001c54ee15800 JavaThread "pool-1-thread-30" [_thread_blocked, id=23416, stack(0x00000057dc600000,0x00000057dc700000)]
  0x000001c54ee17800 JavaThread "pool-1-thread-29" [_thread_blocked, id=23412, stack(0x00000057dc500000,0x00000057dc600000)]
  0x000001c54ee17000 JavaThread "pool-1-thread-28" [_thread_blocked, id=23408, stack(0x00000057dc400000,0x00000057dc500000)]
  0x000001c54ee14800 JavaThread "pool-1-thread-27" [_thread_blocked, id=23404, stack(0x00000057dc300000,0x00000057dc400000)]
  0x000001c54ee0c800 JavaThread "pool-1-thread-26" [_thread_blocked, id=23400, stack(0x00000057dc200000,0x00000057dc300000)]
  0x000001c54ee11000 JavaThread "pool-1-thread-25" [_thread_blocked, id=23396, stack(0x00000057dc100000,0x00000057dc200000)]
  0x000001c54ee0d000 JavaThread "pool-1-thread-24" [_thread_blocked, id=23392, stack(0x00000057dc000000,0x00000057dc100000)]
  0x000001c54ee0b800 JavaThread "pool-1-thread-23" [_thread_blocked, id=23388, stack(0x00000057dbf00000,0x00000057dc000000)]
  0x000001c54ee10000 JavaThread "pool-1-thread-22" [_thread_blocked, id=23380, stack(0x00000057dbe00000,0x00000057dbf00000)]
  0x000001c54ee12800 JavaThread "pool-1-thread-21" [_thread_blocked, id=23376, stack(0x00000057dbd00000,0x00000057dbe00000)]
  0x000001c54ee0f800 JavaThread "pool-1-thread-20" [_thread_blocked, id=23372, stack(0x00000057dbc00000,0x00000057dbd00000)]
  0x000001c54ee0b000 JavaThread "pool-1-thread-19" [_thread_blocked, id=23368, stack(0x00000057dbb00000,0x00000057dbc00000)]
  0x000001c54ee0e800 JavaThread "pool-1-thread-18" [_thread_blocked, id=23364, stack(0x00000057dba00000,0x00000057dbb00000)]
  0x000001c54ee0e000 JavaThread "pool-1-thread-17" [_thread_blocked, id=23360, stack(0x00000057db900000,0x00000057dba00000)]
  0x000001c54ee11800 JavaThread "pool-1-thread-16" [_thread_blocked, id=23356, stack(0x00000057db800000,0x00000057db900000)]
  0x000001c54edf9800 JavaThread "pool-1-thread-15" [_thread_blocked, id=23352, stack(0x00000057db700000,0x00000057db800000)]
  0x000001c54edf9000 JavaThread "pool-1-thread-14" [_thread_blocked, id=23348, stack(0x00000057db600000,0x00000057db700000)]
  0x000001c54edfc000 JavaThread "pool-1-thread-13" [_thread_blocked, id=23344, stack(0x00000057db500000,0x00000057db600000)]
  0x000001c54edff800 JavaThread "pool-1-thread-12" [_thread_blocked, id=23340, stack(0x00000057db400000,0x00000057db500000)]
  0x000001c54edfa800 JavaThread "pool-1-thread-11" [_thread_blocked, id=23336, stack(0x00000057db300000,0x00000057db400000)]
  0x000001c54edfe000 JavaThread "pool-1-thread-10" [_thread_blocked, id=23332, stack(0x00000057db200000,0x00000057db300000)]
  0x000001c54edfd800 JavaThread "pool-1-thread-9" [_thread_blocked, id=23328, stack(0x00000057db100000,0x00000057db200000)]
  0x000001c54edfb000 JavaThread "pool-1-thread-8" [_thread_blocked, id=23324, stack(0x00000057db000000,0x00000057db100000)]
  0x000001c54edfc800 JavaThread "pool-1-thread-7" [_thread_blocked, id=23320, stack(0x00000057daf00000,0x00000057db000000)]
  0x000001c54edff000 JavaThread "pool-1-thread-6" [_thread_blocked, id=23316, stack(0x00000057dae00000,0x00000057daf00000)]
  0x000001c54f07f800 JavaThread "pool-1-thread-5" [_thread_blocked, id=23312, stack(0x00000057dad00000,0x00000057dae00000)]
  0x000001c54e005000 JavaThread "pool-1-thread-4" [_thread_blocked, id=23308, stack(0x00000057dac00000,0x00000057dad00000)]
  0x000001c54ebde800 JavaThread "pool-1-thread-3" [_thread_blocked, id=23304, stack(0x00000057dab00000,0x00000057dac00000)]
  0x000001c54dda8000 JavaThread "pool-1-thread-2" [_thread_blocked, id=23300, stack(0x00000057daa00000,0x00000057dab00000)]
  0x000001c54f07e800 JavaThread "Image Fetcher 0" daemon [_thread_blocked, id=22924, stack(0x00000057da900000,0x00000057daa00000)]
  0x000001c54efad000 JavaThread "AWT-EventQueue-0" [_thread_blocked, id=22744, stack(0x00000057da800000,0x00000057da900000)]
  0x000001c54df3e800 JavaThread "AWT-Windows" daemon [_thread_in_native, id=20704, stack(0x00000057da700000,0x00000057da800000)]
  0x000001c54dff9800 JavaThread "AWT-Shutdown" [_thread_blocked, id=20680, stack(0x00000057da500000,0x00000057da600000)]
  0x000001c54eeba000 JavaThread "Java2D Disposer" daemon [_thread_blocked, id=20676, stack(0x00000057d9100000,0x00000057d9200000)]
  0x000001c536d49000 JavaThread "DestroyJavaVM" [_thread_blocked, id=2776, stack(0x00000057d9200000,0x00000057d9300000)]
  0x000001c54ec55800 JavaThread "pool-1-thread-1" [_thread_blocked, id=8784, stack(0x00000057da200000,0x00000057da300000)]
  0x000001c54ef5a800 JavaThread "pool-2-thread-1" [_thread_blocked, id=2292, stack(0x00000057da100000,0x00000057da200000)]
  0x000001c54cafd800 JavaThread "Service Thread" daemon [_thread_blocked, id=1460, stack(0x00000057d9f00000,0x00000057da000000)]
  0x000001c54caf9000 JavaThread "C1 CompilerThread2" daemon [_thread_blocked, id=19344, stack(0x00000057d9e00000,0x00000057d9f00000)]
  0x000001c54caf8000 JavaThread "C2 CompilerThread1" daemon [_thread_blocked, id=16260, stack(0x00000057d9d00000,0x00000057d9e00000)]
  0x000001c54ca98000 JavaThread "C2 CompilerThread0" daemon [_thread_blocked, id=12320, stack(0x00000057d9c00000,0x00000057d9d00000)]
  0x000001c54ca95000 JavaThread "Attach Listener" daemon [_thread_blocked, id=18264, stack(0x00000057d9b00000,0x00000057d9c00000)]
  0x000001c54ca94000 JavaThread "Signal Dispatcher" daemon [_thread_blocked, id=7480, stack(0x00000057d9a00000,0x00000057d9b00000)]
  0x000001c54ca78000 JavaThread "Finalizer" daemon [_thread_blocked, id=11940, stack(0x00000057d9900000,0x00000057d9a00000)]
  0x000001c54ca50800 JavaThread "Reference Handler" daemon [_thread_blocked, id=14800, stack(0x00000057d9800000,0x00000057d9900000)]

Other Threads:
  0x000001c54ca44000 VMThread [stack: 0x00000057d9700000,0x00000057d9800000] [id=1824]
  0x000001c54cb59800 WatcherThread [stack: 0x00000057da000000,0x00000057da100000] [id=15848]

VM state:synchronizing (normal execution)

VM Mutex/Monitor currently owned by a thread:  ([mutex/lock_event])
[0x000001c536d45eb0] Threads_lock - owner thread: 0x000001c54ca44000

heap address: 0x0000000086a00000, size: 1942 MB, Compressed Oops mode: 32-bit
Narrow klass base: 0x0000000000000000, Narrow klass shift: 3
Compressed class space size: 1073741824 Address: 0x0000000100000000

Heap:
 PSYoungGen      total 67584K, used 32448K [0x00000000d7900000, 0x00000000dc000000, 0x0000000100000000)
  eden space 62464K, 51% used [0x00000000d7900000,0x00000000d98b02d0,0x00000000db600000)
  from space 5120K, 0% used [0x00000000db600000,0x00000000db600000,0x00000000dbb00000)
  to   space 5120K, 0% used [0x00000000dbb00000,0x00000000dbb00000,0x00000000dc000000)
 ParOldGen       total 61440K, used 11195K [0x0000000086a00000, 0x000000008a600000, 0x00000000d7900000)
  object space 61440K, 18% used [0x0000000086a00000,0x00000000874eee28,0x000000008a600000)
 Metaspace       used 24938K, capacity 25534K, committed 25856K, reserved 1071104K
  class space    used 3104K, capacity 3256K, committed 3328K, reserved 1048576K

Card table byte_map: [0x000001c5479b0000,0x000001c547d80000] byte_map_base: 0x000001c54757b000

Marking Bits: (ParMarkBitMap*) 0x00000000774e6ff0
 Begin Bits: [0x000001c548010000, 0x000001c549e68000)
 End Bits:   [0x000001c549e68000, 0x000001c54bcc0000)

Polling page: 0x000001c536cd0000

CodeCache: size=245760Kb used=5861Kb max_used=5866Kb free=239898Kb
 bounds [0x000001c5385f0000, 0x000001c538bc0000, 0x000001c5475f0000]
 total_blobs=2496 nmethods=1917 adapters=491
 compilation: enabled

Compilation events (10 events):
Event: 149.169 Thread 0x000001c54caf9000 2139       1       java.lang.invoke.InnerClassLambdaMetafactory::access$500 (5 bytes)
Event: 149.169 Thread 0x000001c54caf9000 nmethod 2139 0x000001c53872c150 code [0x000001c53872c2a0, 0x000001c53872c398]
Event: 149.169 Thread 0x000001c54caf9000 2140       1       java.lang.invoke.InnerClassLambdaMetafactory::access$600 (5 bytes)
Event: 149.169 Thread 0x000001c54caf9000 nmethod 2140 0x000001c538753cd0 code [0x000001c538753e20, 0x000001c538753f18]
Event: 149.169 Thread 0x000001c54caf9000 2141       1       java.lang.invoke.InnerClassLambdaMetafactory::access$700 (5 bytes)
Event: 149.169 Thread 0x000001c54caf9000 nmethod 2141 0x000001c53879e350 code [0x000001c53879e4a0, 0x000001c53879e598]
Event: 149.170 Thread 0x000001c54caf9000 2142       3       java.lang.invoke.MethodHandles$Lookup::checkSecurityManager (87 bytes)
Event: 149.171 Thread 0x000001c54caf9000 nmethod 2142 0x000001c53872a2d0 code [0x000001c53872a5a0, 0x000001c53872b920]
Event: 149.389 Thread 0x000001c54caf9000 2143       3       java.lang.Thread::isInterrupted (6 bytes)
Event: 149.389 Thread 0x000001c54caf9000 nmethod 2143 0x000001c538751e50 code [0x000001c538751fc0, 0x000001c538752150]

GC Heap History (8 events):
Event: 16.766 GC heap before
{Heap before GC invocations=1 (full 0):
 PSYoungGen      total 36352K, used 31232K [0x00000000d7900000, 0x00000000da180000, 0x0000000100000000)
  eden space 31232K, 100% used [0x00000000d7900000,0x00000000d9780000,0x00000000d9780000)
  from space 5120K, 0% used [0x00000000d9c80000,0x00000000d9c80000,0x00000000da180000)
  to   space 5120K, 0% used [0x00000000d9780000,0x00000000d9780000,0x00000000d9c80000)
 ParOldGen       total 83456K, used 0K [0x0000000086a00000, 0x000000008bb80000, 0x00000000d7900000)
  object space 83456K, 0% used [0x0000000086a00000,0x0000000086a00000,0x000000008bb80000)
 Metaspace       used 6955K, capacity 7128K, committed 7296K, reserved 1056768K
  class space    used 809K, capacity 866K, committed 896K, reserved 1048576K
Event: 17.373 GC heap after
Heap after GC invocations=1 (full 0):
 PSYoungGen      total 36352K, used 5088K [0x00000000d7900000, 0x00000000dc000000, 0x0000000100000000)
  eden space 31232K, 0% used [0x00000000d7900000,0x00000000d7900000,0x00000000d9780000)
  from space 5120K, 99% used [0x00000000d9780000,0x00000000d9c78150,0x00000000d9c80000)
  to   space 5120K, 0% used [0x00000000dbb00000,0x00000000dbb00000,0x00000000dc000000)
 ParOldGen       total 83456K, used 304K [0x0000000086a00000, 0x000000008bb80000, 0x00000000d7900000)
  object space 83456K, 0% used [0x0000000086a00000,0x0000000086a4c0d0,0x000000008bb80000)
 Metaspace       used 6955K, capacity 7128K, committed 7296K, reserved 1056768K
  class space    used 809K, capacity 866K, committed 896K, reserved 1048576K
}
Event: 32.206 GC heap before
{Heap before GC invocations=2 (full 0):
 PSYoungGen      total 36352K, used 36320K [0x00000000d7900000, 0x00000000dc000000, 0x0000000100000000)
  eden space 31232K, 100% used [0x00000000d7900000,0x00000000d9780000,0x00000000d9780000)
  from space 5120K, 99% used [0x00000000d9780000,0x00000000d9c78150,0x00000000d9c80000)
  to   space 5120K, 0% used [0x00000000dbb00000,0x00000000dbb00000,0x00000000dc000000)
 ParOldGen       total 83456K, used 304K [0x0000000086a00000, 0x000000008bb80000, 0x00000000d7900000)
  object space 83456K, 0% used [0x0000000086a00000,0x0000000086a4c0d0,0x000000008bb80000)
 Metaspace       used 11630K, capacity 12000K, committed 12160K, reserved 1060864K
  class space    used 1441K, capacity 1546K, committed 1664K, reserved 1048576K
Event: 32.904 GC heap after
Heap after GC invocations=2 (full 0):
 PSYoungGen      total 67584K, used 5095K [0x00000000d7900000, 0x00000000dc000000, 0x0000000100000000)
  eden space 62464K, 0% used [0x00000000d7900000,0x00000000d7900000,0x00000000db600000)
  from space 5120K, 99% used [0x00000000dbb00000,0x00000000dbff9e80,0x00000000dc000000)
  to   space 5120K, 0% used [0x00000000db600000,0x00000000db600000,0x00000000dbb00000)
 ParOldGen       total 83456K, used 2739K [0x0000000086a00000, 0x000000008bb80000, 0x00000000d7900000)
  object space 83456K, 3% used [0x0000000086a00000,0x0000000086cacd40,0x000000008bb80000)
 Metaspace       used 11630K, capacity 12000K, committed 12160K, reserved 1060864K
  class space    used 1441K, capacity 1546K, committed 1664K, reserved 1048576K
}
Event: 135.870 GC heap before
{Heap before GC invocations=3 (full 0):
 PSYoungGen      total 67584K, used 45821K [0x00000000d7900000, 0x00000000dc000000, 0x0000000100000000)
  eden space 62464K, 65% used [0x00000000d7900000,0x00000000da0c58a8,0x00000000db600000)
  from space 5120K, 99% used [0x00000000dbb00000,0x00000000dbff9e80,0x00000000dc000000)
  to   space 5120K, 0% used [0x00000000db600000,0x00000000db600000,0x00000000dbb00000)
 ParOldGen       total 83456K, used 2739K [0x0000000086a00000, 0x000000008bb80000, 0x00000000d7900000)
  object space 83456K, 3% used [0x0000000086a00000,0x0000000086cacd40,0x000000008bb80000)
 Metaspace       used 20679K, capacity 21186K, committed 21296K, reserved 1069056K
  class space    used 2531K, capacity 2673K, committed 2688K, reserved 1048576K
Event: 136.383 GC heap after
Heap after GC invocations=3 (full 0):
 PSYoungGen      total 67584K, used 5094K [0x00000000d7900000, 0x00000000dc000000, 0x0000000100000000)
  eden space 62464K, 0% used [0x00000000d7900000,0x00000000d7900000,0x00000000db600000)
  from space 5120K, 99% used [0x00000000db600000,0x00000000dbaf98f8,0x00000000dbb00000)
  to   space 5120K, 0% used [0x00000000dbb00000,0x00000000dbb00000,0x00000000dc000000)
 ParOldGen       total 83456K, used 9157K [0x0000000086a00000, 0x000000008bb80000, 0x00000000d7900000)
  object space 83456K, 10% used [0x0000000086a00000,0x00000000872f1410,0x000000008bb80000)
 Metaspace       used 20679K, capacity 21186K, committed 21296K, reserved 1069056K
  class space    used 2531K, capacity 2673K, committed 2688K, reserved 1048576K
}
Event: 136.383 GC heap before
{Heap before GC invocations=4 (full 1):
 PSYoungGen      total 67584K, used 5094K [0x00000000d7900000, 0x00000000dc000000, 0x0000000100000000)
  eden space 62464K, 0% used [0x00000000d7900000,0x00000000d7900000,0x00000000db600000)
  from space 5120K, 99% used [0x00000000db600000,0x00000000dbaf98f8,0x00000000dbb00000)
  to   space 5120K, 0% used [0x00000000dbb00000,0x00000000dbb00000,0x00000000dc000000)
 ParOldGen       total 83456K, used 9157K [0x0000000086a00000, 0x000000008bb80000, 0x00000000d7900000)
  object space 83456K, 10% used [0x0000000086a00000,0x00000000872f1410,0x000000008bb80000)
 Metaspace       used 20679K, capacity 21186K, committed 21296K, reserved 1069056K
  class space    used 2531K, capacity 2673K, committed 2688K, reserved 1048576K
Event: 138.549 GC heap after
Heap after GC invocations=4 (full 1):
 PSYoungGen      total 67584K, used 0K [0x00000000d7900000, 0x00000000dc000000, 0x0000000100000000)
  eden space 62464K, 0% used [0x00000000d7900000,0x00000000d7900000,0x00000000db600000)
  from space 5120K, 0% used [0x00000000db600000,0x00000000db600000,0x00000000dbb00000)
  to   space 5120K, 0% used [0x00000000dbb00000,0x00000000dbb00000,0x00000000dc000000)
 ParOldGen       total 61440K, used 11195K [0x0000000086a00000, 0x000000008a600000, 0x00000000d7900000)
  object space 61440K, 18% used [0x0000000086a00000,0x00000000874eee28,0x000000008a600000)
 Metaspace       used 20679K, capacity 21186K, committed 21296K, reserved 1069056K
  class space    used 2531K, capacity 2673K, committed 2688K, reserved 1048576K
}

Deoptimization events (10 events):
Event: 114.199 Thread 0x000001c54ec55800 Uncommon trap: reason=bimorphic action=maybe_recompile pc=0x000001c538b73b04 method=java.util.TimSort.binarySort([Ljava/lang/Object;IIILjava/util/Comparator;)V @ 93
Event: 116.108 Thread 0x000001c54ec55800 Uncommon trap: reason=bimorphic action=maybe_recompile pc=0x000001c538b73b04 method=java.util.TimSort.binarySort([Ljava/lang/Object;IIILjava/util/Comparator;)V @ 93
Event: 123.830 Thread 0x000001c54ec55800 Uncommon trap: reason=null_check action=make_not_entrant pc=0x000001c53896f250 method=java.lang.StringCoding.deref(Ljava/lang/ThreadLocal;)Ljava/lang/Object; @ 4
Event: 141.780 Thread 0x000001c54ec55800 Uncommon trap: reason=unstable_if action=reinterpret pc=0x000001c5388356d8 method=java.lang.AbstractStringBuilder.append(Ljava/lang/String;)Ljava/lang/AbstractStringBuilder; @ 1
Event: 141.878 Thread 0x000001c54ec55800 Uncommon trap: reason=unstable_if action=reinterpret pc=0x000001c53899a2e8 method=java.util.HashMap.hash(Ljava/lang/Object;)I @ 1
Event: 142.581 Thread 0x000001c54ec55800 Uncommon trap: reason=bimorphic action=maybe_recompile pc=0x000001c538b73b04 method=java.util.TimSort.binarySort([Ljava/lang/Object;IIILjava/util/Comparator;)V @ 93
Event: 142.581 Thread 0x000001c54ec55800 Uncommon trap: reason=bimorphic action=maybe_recompile pc=0x000001c538b73b04 method=java.util.TimSort.binarySort([Ljava/lang/Object;IIILjava/util/Comparator;)V @ 93
Event: 144.378 Thread 0x000001c54efad000 Uncommon trap: reason=null_check action=make_not_entrant pc=0x000001c53896ba98 method=java.lang.StringCoding.deref(Ljava/lang/ThreadLocal;)Ljava/lang/Object; @ 4
Event: 144.380 Thread 0x000001c54efad000 Uncommon trap: reason=unstable_if action=reinterpret pc=0x000001c538975c20 method=java.lang.StringCoding$StringDecoder.decode([BII)[C @ 33
Event: 148.955 Thread 0x000001c54ec55800 Uncommon trap: reason=unstable_if action=reinterpret pc=0x000001c5389413a8 method=jdk.internal.org.objectweb.asm.Type.getArgumentsAndReturnSizes(Ljava/lang/String;)I @ 47

Classes redefined (0 events):
No events

Internal exceptions (10 events):
Event: 37.362 Thread 0x000001c536d49000 Exception <a 'java/lang/ClassNotFoundException': org/apache/log4j/LayoutCustomizer> (0x00000000d8c4c868) thrown at [C:\jenkins\workspace\8-2-build-windows-amd64-cygwin\jdk8u281\880\hotspot\src\share\vm\classfile\systemDictionary.cpp, line 212]
Event: 37.367 Thread 0x000001c536d49000 Exception <a 'java/lang/ClassNotFoundException': org/apache/log4j/PatternLayoutCustomizer> (0x00000000d8c82d00) thrown at [C:\jenkins\workspace\8-2-build-windows-amd64-cygwin\jdk8u281\880\hotspot\src\share\vm\classfile\systemDictionary.cpp, line 212]
Event: 37.864 Thread 0x000001c536d49000 Implicit null exception at 0x000001c538827f94 to 0x000001c538828361
Event: 123.830 Thread 0x000001c54ec55800 Implicit null exception at 0x000001c53896eb0c to 0x000001c53896f241
Event: 135.857 Thread 0x000001c54ec55800 Exception <a 'java/io/FileNotFoundException'> (0x00000000da07d198) thrown at [C:\jenkins\workspace\8-2-build-windows-amd64-cygwin\jdk8u281\880\hotspot\src\share\vm\prims\jni.cpp, line 710]
Event: 140.990 Thread 0x000001c54ec55800 Exception <a 'java/io/FileNotFoundException'> (0x00000000d79227f0) thrown at [C:\jenkins\workspace\8-2-build-windows-amd64-cygwin\jdk8u281\880\hotspot\src\share\vm\prims\jni.cpp, line 710]
Event: 141.780 Thread 0x000001c54ec55800 Implicit null exception at 0x000001c538835314 to 0x000001c5388356c1
Event: 141.878 Thread 0x000001c54ec55800 Implicit null exception at 0x000001c53899a0d5 to 0x000001c53899a2d9
Event: 144.278 Thread 0x000001c54f07e800 Exception <a 'java/io/FileNotFoundException'> (0x00000000d7b45b88) thrown at [C:\jenkins\workspace\8-2-build-windows-amd64-cygwin\jdk8u281\880\hotspot\src\share\vm\prims\jni.cpp, line 710]
Event: 144.378 Thread 0x000001c54efad000 Implicit null exception at 0x000001c53896b440 to 0x000001c53896ba7d

Events (10 events):
Event: 149.173 Thread 0x000001c54f10f800 Thread added: 0x000001c54f10f800
Event: 149.173 Thread 0x000001c54f110000 Thread added: 0x000001c54f110000
Event: 149.173 Executing VM operation: RevokeBias
Event: 149.388 Executing VM operation: RevokeBias done
Event: 149.389 loading class io/sarl/core/Initialize
Event: 149.389 loading class io/sarl/core/Initialize done
Event: 149.389 loading class crs_sim/agent/Protestor
Event: 149.389 loading class crs_sim/agent/Protestor done
Event: 149.389 Thread 0x000001c54caf9000 flushing nmethod 0x000001c538872d90
Event: 149.389 Executing VM operation: RevokeBias


Dynamic libraries:
0x00007ff78ef70000 - 0x00007ff78efb7000 	C:\Program Files\Java\jre1.8.0_281\bin\javaw.exe
0x00007ffc16930000 - 0x00007ffc16b25000 	C:\WINDOWS\SYSTEM32\ntdll.dll
0x00007ffc15590000 - 0x00007ffc1564d000 	C:\WINDOWS\System32\KERNEL32.DLL
0x00007ffc14100000 - 0x00007ffc143c8000 	C:\WINDOWS\System32\KERNELBASE.dll
0x00007ffc15da0000 - 0x00007ffc15e4c000 	C:\WINDOWS\System32\ADVAPI32.dll
0x00007ffc16280000 - 0x00007ffc1631e000 	C:\WINDOWS\System32\msvcrt.dll
0x00007ffc16730000 - 0x00007ffc167cb000 	C:\WINDOWS\System32\sechost.dll
0x00007ffc15f90000 - 0x00007ffc160bb000 	C:\WINDOWS\System32\RPCRT4.dll
0x00007ffc14af0000 - 0x00007ffc14c90000 	C:\WINDOWS\System32\USER32.dll
0x00007ffc14070000 - 0x00007ffc14092000 	C:\WINDOWS\System32\win32u.dll
0x00007ffc16250000 - 0x00007ffc1627a000 	C:\WINDOWS\System32\GDI32.dll
0x00007ffc14690000 - 0x00007ffc1479b000 	C:\WINDOWS\System32\gdi32full.dll
0x00007ffc147a0000 - 0x00007ffc1483d000 	C:\WINDOWS\System32\msvcp_win.dll
0x00007ffc14840000 - 0x00007ffc14940000 	C:\WINDOWS\System32\ucrtbase.dll
0x00007ffc033f0000 - 0x00007ffc0368a000 	C:\WINDOWS\WinSxS\amd64_microsoft.windows.common-controls_6595b64144ccf1df_6.0.19041.844_none_ca00b6081b84eb1d\COMCTL32.dll
0x00007ffc14ac0000 - 0x00007ffc14af0000 	C:\WINDOWS\System32\IMM32.DLL
0x00007ffc00b80000 - 0x00007ffc00b95000 	C:\Program Files\Java\jre1.8.0_281\bin\vcruntime140.dll
0x00007ffbeb270000 - 0x00007ffbeb30b000 	C:\Program Files\Java\jre1.8.0_281\bin\msvcp140.dll
0x0000000076d00000 - 0x000000007755f000 	C:\Program Files\Java\jre1.8.0_281\bin\server\jvm.dll
0x00007ffc15f80000 - 0x00007ffc15f88000 	C:\WINDOWS\System32\PSAPI.DLL
0x00007ffc04a60000 - 0x00007ffc04a69000 	C:\WINDOWS\SYSTEM32\WSOCK32.dll
0x00007ffc16880000 - 0x00007ffc168eb000 	C:\WINDOWS\System32\WS2_32.dll
0x00007ffc0ae20000 - 0x00007ffc0ae47000 	C:\WINDOWS\SYSTEM32\WINMM.dll
0x00007ffc05b50000 - 0x00007ffc05b5a000 	C:\WINDOWS\SYSTEM32\VERSION.dll
0x00007ffc12990000 - 0x00007ffc129a2000 	C:\WINDOWS\SYSTEM32\kernel.appcore.dll
0x00007ffc0fc40000 - 0x00007ffc0fc50000 	C:\Program Files\Java\jre1.8.0_281\bin\verify.dll
0x00007ffc01d50000 - 0x00007ffc01d7b000 	C:\Program Files\Java\jre1.8.0_281\bin\java.dll
0x00007ffc02960000 - 0x00007ffc02978000 	C:\Program Files\Java\jre1.8.0_281\bin\zip.dll
0x00007ffc15650000 - 0x00007ffc15d92000 	C:\WINDOWS\System32\SHELL32.dll
0x00007ffc11ff0000 - 0x00007ffc12780000 	C:\WINDOWS\SYSTEM32\windows.storage.dll
0x00007ffc163d0000 - 0x00007ffc16725000 	C:\WINDOWS\System32\combase.dll
0x00007ffc13ae0000 - 0x00007ffc13b0c000 	C:\WINDOWS\SYSTEM32\Wldp.dll
0x00007ffc167d0000 - 0x00007ffc1687e000 	C:\WINDOWS\System32\SHCORE.dll
0x00007ffc15250000 - 0x00007ffc152a5000 	C:\WINDOWS\System32\shlwapi.dll
0x00007ffc13fb0000 - 0x00007ffc13fcf000 	C:\WINDOWS\SYSTEM32\profapi.dll
0x00007ffc13a30000 - 0x00007ffc13a48000 	C:\WINDOWS\SYSTEM32\CRYPTSP.dll
0x00007ffc13180000 - 0x00007ffc131b4000 	C:\WINDOWS\system32\rsaenh.dll
0x00007ffc143d0000 - 0x00007ffc143f7000 	C:\WINDOWS\System32\bcrypt.dll
0x00007ffc13f70000 - 0x00007ffc13f9e000 	C:\WINDOWS\SYSTEM32\USERENV.dll
0x00007ffc14610000 - 0x00007ffc14690000 	C:\WINDOWS\System32\bcryptprimitives.dll
0x00007ffc13a20000 - 0x00007ffc13a2c000 	C:\WINDOWS\SYSTEM32\CRYPTBASE.dll
0x00007ffc01ee0000 - 0x00007ffc01efc000 	C:\Program Files\Java\jre1.8.0_281\bin\net.dll
0x00007ffc13850000 - 0x00007ffc138ba000 	C:\WINDOWS\system32\mswsock.dll
0x00007ffc134f0000 - 0x00007ffc1352b000 	C:\WINDOWS\SYSTEM32\IPHLPAPI.DLL
0x00007ffc163a0000 - 0x00007ffc163a8000 	C:\WINDOWS\System32\NSI.dll
0x00007ffc0e700000 - 0x00007ffc0e717000 	C:\WINDOWS\SYSTEM32\dhcpcsvc6.DLL
0x00007ffc0e640000 - 0x00007ffc0e65d000 	C:\WINDOWS\SYSTEM32\dhcpcsvc.DLL
0x00007ffc13530000 - 0x00007ffc135fc000 	C:\WINDOWS\SYSTEM32\DNSAPI.dll
0x00007ffc01da0000 - 0x00007ffc01db3000 	C:\Program Files\Java\jre1.8.0_281\bin\nio.dll
0x00007ffbe3a40000 - 0x00007ffbe3bd5000 	C:\Program Files\Java\jre1.8.0_281\bin\awt.dll
0x00007ffc14990000 - 0x00007ffc14a5d000 	C:\WINDOWS\System32\OLEAUT32.dll
0x00007ffc117c0000 - 0x00007ffc11850000 	C:\WINDOWS\SYSTEM32\apphelp.dll
0x00007ffc11c30000 - 0x00007ffc11c5f000 	C:\WINDOWS\system32\DWMAPI.DLL
0x00007ffc11950000 - 0x00007ffc119ee000 	C:\WINDOWS\system32\uxtheme.dll
0x00007ffbf2b70000 - 0x00007ffbf2c96000 	C:\WINDOWS\system32\opengl32.dll
0x00007ffbf2af0000 - 0x00007ffbf2b1c000 	C:\WINDOWS\SYSTEM32\GLU32.dll
0x00007ffc15e60000 - 0x00007ffc15f75000 	C:\WINDOWS\System32\MSCTF.dll
0x00007ffc15460000 - 0x00007ffc1558a000 	C:\WINDOWS\System32\ole32.dll
0x00007ffbffa20000 - 0x00007ffbffa69000 	C:\Program Files\Java\jre1.8.0_281\bin\fontmanager.dll
0x00007ffc0a4d0000 - 0x00007ffc0a5c9000 	C:\WINDOWS\SYSTEM32\textinputframework.dll
0x00007ffc11100000 - 0x00007ffc1145e000 	C:\WINDOWS\System32\CoreUIComponents.dll
0x00007ffc11460000 - 0x00007ffc11552000 	C:\WINDOWS\System32\CoreMessaging.dll
0x00007ffc12db0000 - 0x00007ffc12de3000 	C:\WINDOWS\SYSTEM32\ntmarta.dll
0x00007ffc10a30000 - 0x00007ffc10b84000 	C:\WINDOWS\SYSTEM32\wintypes.dll
0x00007ffbfcca0000 - 0x00007ffbfcce3000 	C:\Program Files\Java\jre1.8.0_281\bin\t2k.dll

VM Arguments:
jvm_args: -Dfile.encoding=UTF-8 
java_command: io.sarl.sre.boot.Boot --log=info --boot-type=default crs_sim.environment.EnvironmentAgent --
java_class_path (initial): C:\Users\Admin\Documents\IA51-SARL\plugins\io.janusproject.plugin_0.11.0.jar;C:\Users\Admin\Documents\IA51-SARL\plugins\io.sarl.core_0.11.0.jar;C:\Users\Admin\Documents\IA51-SARL\plugins\org.apache.commons.cli_1.4.0.jar;C:\Users\Admin\Documents\IA51-SARL\plugins\org.arakhne.afc.core.vmutils_16.0.0.jar;C:\Users\Admin\Documents\IA51-SARL\plugins\org.arakhne.afc.core.util_16.0.0.jar;C:\Users\Admin\Documents\IA51-SARL\plugins\org.arakhne.afc.core.inputoutput_16.0.0.jar;C:\Users\Admin\Documents\IA51-SARL\plugins\com.google.gson_2.8.6.jar;C:\Users\Admin\Documents\IA51-SARL\plugins\com.fasterxml.jackson.core.jackson-annotations_2.11.0.jar;C:\Users\Admin\Documents\IA51-SARL\plugins\com.fasterxml.jackson.core.jackson-core_2.11.0.jar;C:\Users\Admin\Documents\IA51-SARL\plugins\com.fasterxml.jackson.core.jackson-databind_2.11.0.jar;C:\Users\Admin\Documents\IA51-SARL\plugins\com.fasterxml.jackson.dataformat.jackson-dataformat-xml_2.11.0.jar;C:\Users\Admin\Documents\IA51-SARL\plugins\com.fasterxml.jackson.dataformat.jackson-dataformat-yaml_2.11.0.jar;C:\Users\Admin\Documents\IA51-SARL\plugins\io.bootique_1.1.0.jar;C:\Users\Admin\Documents\IA51-SARL\plugins\org.arakhne.afc.bootique.log4j_16.0.0.jar;C:\Users\Admin\Documents\IA51-SARL\plugins\java-uuid-generator_4.0.1.jar;C:\Users\Admin\Documents\IA51-SARL\plugins\io.sarl.lang.core_0.11.0.jar;C:\Users\Admin\Documents\IA51-SARL\plugins\io.sarl.util_0.11.0.jar;C:\Users\Admin\Documents\IA51-SARL\plugins\com.google.guava_29.0.0.jre.jar;C:\Users\Admin\Documents\IA51-SARL\plugins\com.fasterxml.jackson.module.jackson-module-jaxb-annotations_2.11.0.jar;C:\Users\Admin\Documents\IA51-SARL\plugins\stax2-api_4.2.0.jar;C:\Users\Admin\Documents\IA51-SARL\plugins\org.yaml.snakeyaml_1.26.0.jar;C:\Users\Admin\Documents\IA51-SARL\plugins\net.sf.jopt-simple.jopt-simple_5.0.3.jar;C:\Users\Admin\Documents\IA51-SARL\plugins\org.apache.log4j_1.2.15.v201012070815.jar;C:\Users\Admin\Documents\IA51-SARL\plugins\org.arakhne.afc.bo
Launcher Type: SUN_STANDARD

Environment Variables:
PATH=C:/Program Files/Java/jre1.8.0_281/bin/server;C:/Program Files/Java/jre1.8.0_281/bin;C:/Program Files/Java/jre1.8.0_281/lib/amd64;C:\Program Files (x86)\Common Files\Oracle\Java\javapath;C:\WINDOWS\system32;C:\WINDOWS;C:\WINDOWS\System32\Wbem;C:\WINDOWS\System32\WindowsPowerShell\v1.0\;C:\WINDOWS\System32\OpenSSH\;C:\Program Files\Git\cmd;C:\Program Files\PuTTY\;C:\Users\Admin\AppData\Local\Microsoft\WindowsApps;C:\Users\Admin\AppData\Local\GitHubDesktop\bin;C:\Users\Admin\Documents\IA51-SARL;
USERNAME=Admin
OS=Windows_NT
PROCESSOR_IDENTIFIER=Intel64 Family 6 Model 58 Stepping 9, GenuineIntel



---------------  S Y S T E M  ---------------

OS: Windows 10.0 , 64 bit Build 19041 (10.0.19041.928)

CPU:total 4 (initial active 4) (2 cores per cpu, 2 threads per core) family 6 model 58 stepping 9, cmov, cx8, fxsr, mmx, sse, sse2, sse3, ssse3, sse4.1, sse4.2, popcnt, avx, aes, clmul, erms, ht, tsc, tscinvbit, tscinv

Memory: 4k page, physical 7954292k(167088k free), swap 32071540k(388k free)

vm_info: Java HotSpot(TM) 64-Bit Server VM (25.281-b09) for windows-amd64 JRE (1.8.0_281-b09), built on Dec  9 2020 13:54:07 by "" with MS VC++ 15.9 (VS2017)

time: Sat Jun  5 18:27:43 2021
timezone: Paris, Madrid (heure d’été)
elapsed time: 149.506393 seconds (0d 0h 2m 29s)

