#
# A fatal error has been detected by the Java Runtime Environment:
#
#  EXCEPTION_ACCESS_VIOLATION (0xc0000005) at pc=0x0000000076f0aefb, pid=10712, tid=0x0000000000006088
#
# JRE version: Java(TM) SE Runtime Environment (8.0_281-b09) (build 1.8.0_281-b09)
# Java VM: Java HotSpot(TM) 64-Bit Server VM (25.281-b09 mixed mode windows-amd64 compressed oops)
# Problematic frame:
# V  [jvm.dll+0x20aefb]
#
# Failed to write core dump. Minidumps are not enabled by default on client versions of Windows
#
# If you would like to submit a bug report, please visit:
#   http://bugreport.java.com/bugreport/crash.jsp
#

---------------  T H R E A D  ---------------

Current thread (0x0000027ba40c3000):  JavaThread "pool-1-thread-33" [_thread_in_vm, id=24712, stack(0x000000f48c100000,0x000000f48c200000)]

siginfo: ExceptionCode=0xc0000005, writing address 0x000000f48c1f9460

Registers:
RAX=0x0000000000000007, RBX=0x0000000000000007, RCX=0x000000f48c1f9460, RDX=0x0000000000006000
RSP=0x000000f48c1ff460, RBP=0x000000f48c1ff560, RSI=0x0000000000000007, RDI=0x0000027ba137c678
R8 =0x0000000000000005, R9 =0x0000000000000006, R10=0x0000027ba41ac950, R11=0x0000027ba137c678
R12=0x0000027ba425e420, R13=0x000000f48c1ff830, R14=0x000000f48c1ff760, R15=0x000000f48c1ff460
RIP=0x0000000076f0aefb, EFLAGS=0x0000000000010202

Top of Stack: (sp=0x000000f48c1ff460)
0x000000f48c1ff460:   0000027ba40c3000 0000000000000001
0x000000f48c1ff470:   0000027ba137c678 0000000076dc71ca
0x000000f48c1ff480:   0000027ba137c678 0000027ba40c3000
0x000000f48c1ff490:   00007ffc13850000 00007ffc10a5b22e
0x000000f48c1ff4a0:   0000000a00006c00 0000027ba137c678
0x000000f48c1ff4b0:   0000027ba40c3000 0000027b8d8c49a0
0x000000f48c1ff4c0:   0000000000000001 00007ffc10a5aa1d
0x000000f48c1ff4d0:   0000027ba137c678 0000000000000001
0x000000f48c1ff4e0:   ffffffff00000005 0000027ba40c3000
0x000000f48c1ff4f0:   0000027ba137c678 0000027ba40c3000
0x000000f48c1ff500:   0000027ba137c678 0000027ba40c3000
0x000000f48c1ff510:   0000027ba40c3000 0000027ba40c3000
0x000000f48c1ff520:   0000000000000005 0000027ba137c678
0x000000f48c1ff530:   0000000100006c48 0000000076dcc457
0x000000f48c1ff540:   0000027ba425e420 000000f48c1ff5a1
0x000000f48c1ff550:   0000027ba137c678 0000000000000079 

Instructions: (pc=0x0000000076f0aefb)
0x0000000076f0aedb:   f8 7c 33 48 8b de e8 0a 9c 08 00 48 63 d0 ff c6
0x0000000076f0aeeb:   48 0f af d3 49 8b cf 48 63 c6 48 2b ca 48 ff c3
0x0000000076f0aefb:   c7 01 00 00 00 00 48 3b 05 50 f6 55 00 7e d7 48
0x0000000076f0af0b:   8b 9d e8 00 00 00 48 8d 54 24 48 48 8d 4d 50 e8 


Register to memory mapping:

RAX=0x0000000000000007 is an unknown value
RBX=0x0000000000000007 is an unknown value
RCX=0x000000f48c1f9460 is pointing into the stack for thread: 0x0000027ba40c3000
RDX=0x0000000000006000 is an unknown value
RSP=0x000000f48c1ff460 is pointing into the stack for thread: 0x0000027ba40c3000
RBP=0x000000f48c1ff560 is pointing into the stack for thread: 0x0000027ba40c3000
RSI=0x0000000000000007 is an unknown value
RDI={method} {0x0000027ba137c680} 'run' '()V' in 'java/lang/Thread'
R8 =0x0000000000000005 is an unknown value
R9 =0x0000000000000006 is an unknown value
R10=0x0000027ba41ac950 is an unknown value
R11={method} {0x0000027ba137c680} 'run' '()V' in 'java/lang/Thread'
R12=0x0000027ba425e420 is an unknown value
R13=0x000000f48c1ff830 is pointing into the stack for thread: 0x0000027ba40c3000
R14=0x000000f48c1ff760 is pointing into the stack for thread: 0x0000027ba40c3000
R15=0x000000f48c1ff460 is pointing into the stack for thread: 0x0000027ba40c3000


Stack: [0x000000f48c100000,0x000000f48c200000],  sp=0x000000f48c1ff460,  free space=1021k
Native frames: (J=compiled Java code, j=interpreted, Vv=VM code, C=native code)
V  [jvm.dll+0x20aefb]
V  [jvm.dll+0x32e4d2]
V  [jvm.dll+0x20bc74]
V  [jvm.dll+0x20bb4b]
V  [jvm.dll+0x18080d]
V  [jvm.dll+0x23d6b2]
