#
# A fatal error has been detected by the Java Runtime Environment:
#
#  EXCEPTION_ACCESS_VIOLATION (0xc0000005) at pc=0x0000000076f0aefb, pid=9560, tid=0x0000000000005e44
#
# JRE version: Java(TM) SE Runtime Environment (8.0_281-b09) (build 1.8.0_281-b09)
# Java VM: Java HotSpot(TM) 64-Bit Server VM (25.281-b09 mixed mode windows-amd64 compressed oops)
# Problematic frame:
# V  [jvm.dll+0x20aefb]
#
# Failed to write core dump. Minidumps are not enabled by default on client versions of Windows
#
# If you would like to submit a bug report, please visit:
#   http://bugreport.java.com/bugreport/crash.jsp
#

---------------  T H R E A D  ---------------

Current thread (0x00000245c991e000):  JavaThread "t-9223372036854775804" [_thread_in_vm, id=24132, stack(0x000000d4f6600000,0x000000d4f6700000)]

siginfo: ExceptionCode=0xc0000005, writing address 0x000000d4f66f4f20

Registers:
RAX=0x0000000000000007, RBX=0x0000000000000007, RCX=0x000000d4f66f4f20, RDX=0x0000000000006000
RSP=0x000000d4f66faf20, RBP=0x000000d4f66fb020, RSI=0x0000000000000007, RDI=0x00000245c6ab18c0
R8 =0x0000000000000012, R9 =0x0000000000000013, R10=0x00000245c97d7560, R11=0x00000245c6ab18c0
R12=0x00000245c9773d70, R13=0x000000d4f66fb200, R14=0x000000d4f66fb2d0, R15=0x000000d4f66faf20
RIP=0x0000000076f0aefb, EFLAGS=0x0000000000010202

Top of Stack: (sp=0x000000d4f66faf20)
0x000000d4f66faf20:   00000245c991e000 0000000000000001
0x000000d4f66faf30:   00000245c6ab18c0 0000000000000000
0x000000d4f66faf40:   0000000000000000 00000000ca89ee60
0x000000d4f66faf50:   0000000000000000 0000000000000000
0x000000d4f66faf60:   0000000c00000001 00000245c6ab18c0
0x000000d4f66faf70:   00000245c991e000 00000245b2e36e20
0x000000d4f66faf80:   0000000000000000 0000000000000000
0x000000d4f66faf90:   0000000000000000 0000000000000000
0x000000d4f66fafa0:   00000000ca89ee40 0000000000000000
0x000000d4f66fafb0:   0000000000000000 0000000000000000
0x000000d4f66fafc0:   0000000000000000 0000000000000000
0x000000d4f66fafd0:   0000000000000000 0000000000000000
0x000000d4f66fafe0:   0000000000000000 0000000000000000
0x000000d4f66faff0:   0000000000000000 0000000000000000
0x000000d4f66fb000:   00000245c9773d70 0000000000000000
0x000000d4f66fb010:   0000000000000000 0000000000000000 

Instructions: (pc=0x0000000076f0aefb)
0x0000000076f0aedb:   f8 7c 33 48 8b de e8 0a 9c 08 00 48 63 d0 ff c6
0x0000000076f0aeeb:   48 0f af d3 49 8b cf 48 63 c6 48 2b ca 48 ff c3
0x0000000076f0aefb:   c7 01 00 00 00 00 48 3b 05 50 f6 55 00 7e d7 48
0x0000000076f0af0b:   8b 9d e8 00 00 00 48 8d 54 24 48 48 8d 4d 50 e8 


Register to memory mapping:

RAX=0x0000000000000007 is an unknown value
RBX=0x0000000000000007 is an unknown value
RCX=0x000000d4f66f4f20 is pointing into the stack for thread: 0x00000245c991e000
RDX=0x0000000000006000 is an unknown value
RSP=0x000000d4f66faf20 is pointing into the stack for thread: 0x00000245c991e000
RBP=0x000000d4f66fb020 is pointing into the stack for thread: 0x00000245c991e000
RSI=0x0000000000000007 is an unknown value
RDI={method} {0x00000245c6ab18c8} 'run' '()Ljava/lang/Object;' in 'java/net/URLClassLoader$1'
R8 =0x0000000000000012 is an unknown value
R9 =0x0000000000000013 is an unknown value
R10=0x00000245c97d7560 is an unknown value
R11={method} {0x00000245c6ab18c8} 'run' '()Ljava/lang/Object;' in 'java/net/URLClassLoader$1'
R12=0x00000245c9773d70 is an unknown value
R13=0x000000d4f66fb200 is pointing into the stack for thread: 0x00000245c991e000
R14=0x000000d4f66fb2d0 is pointing into the stack for thread: 0x00000245c991e000
R15=0x000000d4f66faf20 is pointing into the stack for thread: 0x00000245c991e000


Stack: [0x000000d4f6600000,0x000000d4f6700000],  sp=0x000000d4f66faf20,  free space=1003k
Native frames: (J=compiled Java code, j=interpreted, Vv=VM code, C=native code)
V  [jvm.dll+0x20aefb]

Java frames: (J=compiled Java code, j=interpreted, Vv=VM code)
J 383  java.security.AccessController.doPrivileged(Ljava/security/PrivilegedExceptionAction;Ljava/security/AccessControlContext;)Ljava/lang/Object; (0 bytes) @ 0x00000245b2fd06a6 [0x00000245b2fd0640+0x66]
J 686 C1 java.net.URLClassLoader.findClass(Ljava/lang/String;)Ljava/lang/Class; (47 bytes) @ 0x00000245b30a2244 [0x00000245b30a20c0+0x184]
J 1716 C1 java.lang.ClassLoader.loadClass(Ljava/lang/String;Z)Ljava/lang/Class; (122 bytes) @ 0x00000245b334f064 [0x00000245b334e680+0x9e4]
J 1716 C1 java.lang.ClassLoader.loadClass(Ljava/lang/String;Z)Ljava/lang/Class; (122 bytes) @ 0x00000245b334edfc [0x00000245b334e680+0x77c]
J 655 C1 sun.misc.Launcher$AppClassLoader.loadClass(Ljava/lang/String;Z)Ljava/lang/Class; (85 bytes) @ 0x00000245b308cfac [0x00000245b308c600+0x9ac]
J 654 C1 java.lang.ClassLoader.loadClass(Ljava/lang/String;)Ljava/lang/Class; (7 bytes) @ 0x00000245b3080b0c [0x00000245b3080a00+0x10c]
v  ~StubRoutines::call_stub
j  com.google.common.util.concurrent.AbstractFuture.setException(Ljava/lang/Throwable;)Z+0
j  com.google.common.util.concurrent.SettableFuture.setException(Ljava/lang/Throwable;)Z+2
j  com.google.common.cache.LocalCache$LoadingValueReference.setException(Ljava/lang/Throwable;)Z+5
j  com.google.common.cache.LocalCache$LoadingValueReference.loadFuture(Ljava/lang/Object;Lcom/google/common/cache/CacheLoader;)Lcom/google/common/util/concurrent/ListenableFuture;+89
J 1794 C1 com.google.common.cache.LocalCache$Segment.lockedGetOrLoad(Ljava/lang/Object;ILcom/google/common/cache/CacheLoader;)Ljava/lang/Object; (447 bytes) @ 0x00000245b338a6e4 [0x00000245b3387d40+0x29a4]
J 1290 C1 com.google.common.cache.LocalCache$Segment.get(Ljava/lang/Object;ILcom/google/common/cache/CacheLoader;)Ljava/lang/Object; (210 bytes) @ 0x00000245b326806c [0x00000245b3267120+0xf4c]
J 1176 C1 com.google.common.cache.LocalCache$LocalLoadingCache.getUnchecked(Ljava/lang/Object;)Ljava/lang/Object; (19 bytes) @ 0x00000245b3204b64 [0x00000245b3204660+0x504]
j  io.sarl.sre.internal.eventguard.StaticBehaviorGuardEvaluatorDictionary.getFlattenHierarchy(Ljava/lang/Class;)Lcom/google/common/collect/ImmutableSet;+4
j  io.sarl.sre.internal.eventguard.BehaviorGuardEvaluatorRegistry.getBehaviorGuardEvaluators(Lio/sarl/lang/core/Event;)Ljava/util/concurrent/ConcurrentLinkedDeque;+33
j  io.sarl.sre.skills.internal.EventBus$1.internalRun()V+11
j  io.sarl.sre.services.executor.SreRunnable.run()V+6
j  io.sarl.sre.skills.bic.SchedulesSkill.lambda$1(Ljava/lang/Runnable;Lio/sarl/lang/core/Agent;)V+1
j  io.sarl.sre.skills.bic.SchedulesSkill$$Lambda$126.apply(Ljava/lang/Object;)V+8
j  io.sarl.sre.skills.bic.SchedulesSkill$TaskRunner.coreRun(Lio/sarl/core/AgentTask;)Lio/sarl/sre/skills/bic/SchedulesSkill$TaskTermination;+93
j  io.sarl.sre.skills.bic.SchedulesSkill$TaskRunner.internalRun()V+164
j  io.sarl.sre.services.executor.SreRunnable.run()V+6
j  java.util.concurrent.Executors$RunnableAdapter.call()Ljava/lang/Object;+4
j  java.util.concurrent.FutureTask.run()V+42
j  java.util.concurrent.ThreadPoolExecutor.runWorker(Ljava/util/concurrent/ThreadPoolExecutor$Worker;)V+95
j  java.util.concurrent.ThreadPoolExecutor$Worker.run()V+5
j  java.lang.Thread.run()V+11
v  ~StubRoutines::call_stub

---------------  P R O C E S S  ---------------

Java Threads: ( => current thread )
  0x00000245c9927800 JavaThread "pool-1-thread-52" [_thread_blocked, id=27688, stack(0x000000d4f6b00000,0x000000d4f6c00000)]
  0x00000245c9926800 JavaThread "pool-1-thread-51" [_thread_blocked, id=27680, stack(0x000000d4f6a00000,0x000000d4f6b00000)]
  0x00000245c9926000 JavaThread "pool-1-thread-50" [_thread_blocked, id=27676, stack(0x000000d4f6900000,0x000000d4f6a00000)]
  0x00000245c9929800 JavaThread "t-9223372036854775807" [_thread_blocked, id=2652, stack(0x000000d4f6800000,0x000000d4f6900000)]
  0x00000245c9929000 JavaThread "t-9223372036854775802" [_thread_blocked, id=14640, stack(0x000000d4f6700000,0x000000d4f6800000)]
=>0x00000245c991e000 JavaThread "t-9223372036854775804" [_thread_in_vm, id=24132, stack(0x000000d4f6600000,0x000000d4f6700000)]
  0x00000245c9923800 JavaThread "t-9223372036854775807" [_thread_blocked, id=24080, stack(0x000000d4f6500000,0x000000d4f6600000)]
  0x00000245c9922800 JavaThread "t-9223372036854775808" [_thread_blocked, id=23916, stack(0x000000d4f6400000,0x000000d4f6500000)]
  0x00000245c9922000 JavaThread "ForkJoinPool.commonPool-worker-3" daemon [_thread_blocked, id=23480, stack(0x000000d4f6300000,0x000000d4f6400000)]
  0x00000245c9925000 JavaThread "ForkJoinPool.commonPool-worker-2" daemon [_thread_blocked, id=23476, stack(0x000000d4f6200000,0x000000d4f6300000)]
  0x00000245c9924000 JavaThread "ForkJoinPool.commonPool-worker-1" daemon [_thread_blocked, id=23472, stack(0x000000d4f6100000,0x000000d4f6200000)]
  0x00000245c991c000 JavaThread "pool-1-thread-44" [_thread_blocked, id=23240, stack(0x000000d4f6000000,0x000000d4f6100000)]
  0x00000245c991b000 JavaThread "pool-1-thread-43" [_thread_blocked, id=23236, stack(0x000000d4f5f00000,0x000000d4f6000000)]
  0x00000245c9921000 JavaThread "pool-1-thread-42" [_thread_blocked, id=23232, stack(0x000000d4f5e00000,0x000000d4f5f00000)]
  0x00000245c9920800 JavaThread "pool-1-thread-41" [_thread_blocked, id=23212, stack(0x000000d4f5d00000,0x000000d4f5e00000)]
  0x00000245c991f800 JavaThread "pool-1-thread-40" [_thread_blocked, id=23208, stack(0x000000d4f5c00000,0x000000d4f5d00000)]
  0x00000245c991f000 JavaThread "pool-1-thread-39" [_thread_blocked, id=23204, stack(0x000000d4f5b00000,0x000000d4f5c00000)]
  0x00000245c991d800 JavaThread "pool-1-thread-38" [_thread_blocked, id=23200, stack(0x000000d4f5a00000,0x000000d4f5b00000)]
  0x00000245c991c800 JavaThread "pool-1-thread-37" [_thread_blocked, id=23196, stack(0x000000d4f5900000,0x000000d4f5a00000)]
  0x00000245c96de000 JavaThread "pool-1-thread-36" [_thread_blocked, id=23192, stack(0x000000d4f5800000,0x000000d4f5900000)]
  0x00000245c96dc800 JavaThread "pool-1-thread-35" [_thread_blocked, id=23188, stack(0x000000d4f5700000,0x000000d4f5800000)]
  0x00000245c96db800 JavaThread "pool-1-thread-34" [_thread_blocked, id=23184, stack(0x000000d4f5600000,0x000000d4f5700000)]
  0x00000245c96df800 JavaThread "pool-1-thread-33" [_thread_blocked, id=23180, stack(0x000000d4f5500000,0x000000d4f5600000)]
  0x00000245c96de800 JavaThread "pool-1-thread-32" [_thread_blocked, id=23176, stack(0x000000d4f5400000,0x000000d4f5500000)]
  0x00000245c96e0000 JavaThread "pool-1-thread-31" [_thread_blocked, id=23172, stack(0x000000d4f5300000,0x000000d4f5400000)]
  0x00000245c96db000 JavaThread "pool-1-thread-30" [_thread_blocked, id=23168, stack(0x000000d4f5200000,0x000000d4f5300000)]
  0x00000245c96e1000 JavaThread "pool-1-thread-29" [_thread_blocked, id=23164, stack(0x000000d4f5100000,0x000000d4f5200000)]
  0x00000245c96dd000 JavaThread "pool-1-thread-28" [_thread_blocked, id=23160, stack(0x000000d4f5000000,0x000000d4f5100000)]
  0x00000245c96d3000 JavaThread "pool-1-thread-27" [_thread_blocked, id=23156, stack(0x000000d4f4f00000,0x000000d4f5000000)]
  0x00000245c96d8000 JavaThread "pool-1-thread-26" [_thread_blocked, id=23148, stack(0x000000d4f4e00000,0x000000d4f4f00000)]
  0x00000245c96d9800 JavaThread "pool-1-thread-25" [_thread_blocked, id=23144, stack(0x000000d4f4d00000,0x000000d4f4e00000)]
  0x00000245c96d5000 JavaThread "pool-1-thread-24" [_thread_blocked, id=23140, stack(0x000000d4f4c00000,0x000000d4f4d00000)]
  0x00000245c96d7000 JavaThread "pool-1-thread-23" [_thread_blocked, id=23136, stack(0x000000d4f4b00000,0x000000d4f4c00000)]
  0x00000245c96da000 JavaThread "pool-1-thread-22" [_thread_blocked, id=23132, stack(0x000000d4f4a00000,0x000000d4f4b00000)]
  0x00000245c96d1800 JavaThread "pool-1-thread-21" [_thread_blocked, id=23128, stack(0x000000d4f4900000,0x000000d4f4a00000)]
  0x00000245c96d2800 JavaThread "pool-1-thread-20" [_thread_blocked, id=23124, stack(0x000000d4f4800000,0x000000d4f4900000)]
  0x00000245c96d8800 JavaThread "pool-1-thread-19" [_thread_blocked, id=23120, stack(0x000000d4f4700000,0x000000d4f4800000)]
  0x00000245c96d6800 JavaThread "pool-1-thread-18" [_thread_blocked, id=23116, stack(0x000000d4f4600000,0x000000d4f4700000)]
  0x00000245c96d4000 JavaThread "pool-1-thread-17" [_thread_blocked, id=23112, stack(0x000000d4f4500000,0x000000d4f4600000)]
  0x00000245c96d5800 JavaThread "pool-1-thread-16" [_thread_blocked, id=23108, stack(0x000000d4f4400000,0x000000d4f4500000)]
  0x00000245c9737800 JavaThread "pool-1-thread-15" [_thread_blocked, id=23104, stack(0x000000d4f4300000,0x000000d4f4400000)]
  0x00000245c9736800 JavaThread "pool-1-thread-14" [_thread_blocked, id=23100, stack(0x000000d4f4200000,0x000000d4f4300000)]
  0x00000245c973a800 JavaThread "pool-1-thread-13" [_thread_blocked, id=23096, stack(0x000000d4f4100000,0x000000d4f4200000)]
  0x00000245c9735000 JavaThread "pool-1-thread-12" [_thread_blocked, id=23092, stack(0x000000d4f4000000,0x000000d4f4100000)]
  0x00000245c973a000 JavaThread "pool-1-thread-11" [_thread_blocked, id=23088, stack(0x000000d4f3f00000,0x000000d4f4000000)]
  0x00000245c9739000 JavaThread "pool-1-thread-10" [_thread_blocked, id=23084, stack(0x000000d4f3e00000,0x000000d4f3f00000)]
  0x00000245c973b800 JavaThread "pool-1-thread-9" [_thread_blocked, id=23080, stack(0x000000d4f3d00000,0x000000d4f3e00000)]
  0x00000245c9736000 JavaThread "pool-1-thread-8" [_thread_blocked, id=23076, stack(0x000000d4f3c00000,0x000000d4f3d00000)]
  0x00000245c973c000 JavaThread "pool-1-thread-7" [_thread_blocked, id=23072, stack(0x000000d4f3b00000,0x000000d4f3c00000)]
  0x00000245c9738000 JavaThread "pool-1-thread-6" [_thread_blocked, id=23068, stack(0x000000d4f3a00000,0x000000d4f3b00000)]
  0x00000245c85c3000 JavaThread "pool-1-thread-5" [_thread_blocked, id=23064, stack(0x000000d4f3900000,0x000000d4f3a00000)]
  0x00000245c85c2800 JavaThread "pool-1-thread-4" [_thread_blocked, id=23060, stack(0x000000d4f3800000,0x000000d4f3900000)]
  0x00000245c92f6800 JavaThread "t-9223372036854775806" [_thread_blocked, id=23056, stack(0x000000d4f3700000,0x000000d4f3800000)]
  0x00000245c92f6000 JavaThread "pool-1-thread-2" [_thread_blocked, id=23052, stack(0x000000d4f3600000,0x000000d4f3700000)]
  0x00000245c9767000 JavaThread "Image Fetcher 0" daemon [_thread_blocked, id=22964, stack(0x000000d4f3500000,0x000000d4f3600000)]
  0x00000245c9496800 JavaThread "AWT-EventQueue-0" [_thread_blocked, id=22748, stack(0x000000d4f3400000,0x000000d4f3500000)]
  0x00000245c8818800 JavaThread "AWT-Windows" daemon [_thread_in_native, id=20668, stack(0x000000d4f3300000,0x000000d4f3400000)]
  0x00000245c73be000 JavaThread "AWT-Shutdown" [_thread_blocked, id=20628, stack(0x000000d4f3100000,0x000000d4f3200000)]
  0x00000245c736a000 JavaThread "Java2D Disposer" daemon [_thread_blocked, id=20624, stack(0x000000d4f1d00000,0x000000d4f1e00000)]
  0x00000245b1439000 JavaThread "DestroyJavaVM" [_thread_blocked, id=13476, stack(0x000000d4f1e00000,0x000000d4f1f00000)]
  0x00000245c8806800 JavaThread "t-9223372036854775808" [_thread_blocked, id=17576, stack(0x000000d4f2e00000,0x000000d4f2f00000)]
  0x00000245c88cb000 JavaThread "pool-2-thread-1" [_thread_blocked, id=12304, stack(0x000000d4f2d00000,0x000000d4f2e00000)]
  0x00000245c732d800 JavaThread "Service Thread" daemon [_thread_blocked, id=16340, stack(0x000000d4f2b00000,0x000000d4f2c00000)]
  0x00000245c7329000 JavaThread "C1 CompilerThread2" daemon [_thread_blocked, id=16548, stack(0x000000d4f2a00000,0x000000d4f2b00000)]
  0x00000245c7328000 JavaThread "C2 CompilerThread1" daemon [_thread_in_native, id=12672, stack(0x000000d4f2900000,0x000000d4f2a00000)]
  0x00000245c72c8000 JavaThread "C2 CompilerThread0" daemon [_thread_blocked, id=1572, stack(0x000000d4f2800000,0x000000d4f2900000)]
  0x00000245c72c5000 JavaThread "Attach Listener" daemon [_thread_blocked, id=3908, stack(0x000000d4f2700000,0x000000d4f2800000)]
  0x00000245c72c4000 JavaThread "Signal Dispatcher" daemon [_thread_blocked, id=6824, stack(0x000000d4f2600000,0x000000d4f2700000)]
  0x00000245c72a8000 JavaThread "Finalizer" daemon [_thread_blocked, id=12676, stack(0x000000d4f2500000,0x000000d4f2600000)]
  0x00000245c7280800 JavaThread "Reference Handler" daemon [_thread_blocked, id=1364, stack(0x000000d4f2400000,0x000000d4f2500000)]

Other Threads:
  0x00000245c7274000 VMThread [stack: 0x000000d4f2300000,0x000000d4f2400000] [id=10408]
  0x00000245c73b6000 WatcherThread [stack: 0x000000d4f2c00000,0x000000d4f2d00000] [id=15008]

VM state:synchronizing (normal execution)

VM Mutex/Monitor currently owned by a thread:  ([mutex/lock_event])
[0x00000245b1435630] Threads_lock - owner thread: 0x00000245c7274000

OutOfMemory and StackOverflow Exception counts:
OutOfMemoryError java_heap_errors=1
StackOverflowErrors=1

heap address: 0x0000000086a00000, size: 1942 MB, Compressed Oops mode: 32-bit
Narrow klass base: 0x0000000000000000, Narrow klass shift: 3
Compressed class space size: 1073741824 Address: 0x0000000100000000

Heap:
 PSYoungGen      total 67584K, used 34888K [0x00000000d7900000, 0x00000000dfd00000, 0x0000000100000000)
  eden space 62464K, 55% used [0x00000000d7900000,0x00000000d9b12370,0x00000000db600000)
  from space 5120K, 0% used [0x00000000db600000,0x00000000db600000,0x00000000dbb00000)
  to   space 5120K, 0% used [0x00000000df800000,0x00000000df800000,0x00000000dfd00000)
 ParOldGen       total 61440K, used 11196K [0x0000000086a00000, 0x000000008a600000, 0x00000000d7900000)
  object space 61440K, 18% used [0x0000000086a00000,0x00000000874ef070,0x000000008a600000)
 Metaspace       used 25028K, capacity 25732K, committed 25856K, reserved 1071104K
  class space    used 3115K, capacity 3295K, committed 3328K, reserved 1048576K

Card table byte_map: [0x00000245c21b0000,0x00000245c2580000] byte_map_base: 0x00000245c1d7b000

Marking Bits: (ParMarkBitMap*) 0x00000000774e6ff0
 Begin Bits: [0x00000245c2810000, 0x00000245c4668000)
 End Bits:   [0x00000245c4668000, 0x00000245c64c0000)

Polling page: 0x00000245b2dc0000

CodeCache: size=245760Kb used=5887Kb max_used=5983Kb free=239872Kb
 bounds [0x00000245b2df0000, 0x00000245b33e0000, 0x00000245c1df0000]
 total_blobs=2508 nmethods=1927 adapters=493
 compilation: enabled

Compilation events (10 events):
Event: 149.141 Thread 0x00000245c7329000 nmethod 2142 0x00000245b3018d10 code [0x00000245b3018ec0, 0x00000245b3019430]
Event: 149.141 Thread 0x00000245c7329000 2143       3       com.google.common.collect.ImmutableSet$Builder::copyIfNecessary (17 bytes)
Event: 149.157 Thread 0x00000245c7329000 nmethod 2143 0x00000245b3018890 code [0x00000245b3018a00, 0x00000245b3018c70]
Event: 149.158 Thread 0x00000245c7329000 2146       3       java.util.concurrent.SynchronousQueue$TransferStack::shouldSpin (30 bytes)
Event: 149.166 Thread 0x00000245c7329000 nmethod 2146 0x00000245b2f43890 code [0x00000245b2f43a00, 0x00000245b2f43cf8]
Event: 149.166 Thread 0x00000245c7329000 2148       3       java.util.HashSet::<init> (16 bytes)
Event: 149.167 Thread 0x00000245c7329000 nmethod 2148 0x00000245b2f43110 code [0x00000245b2f432a0, 0x00000245b2f436b8]
Event: 149.167 Thread 0x00000245c7329000 2147       1       java.util.concurrent.locks.ReentrantReadWriteLock::readLock (5 bytes)
Event: 149.167 Thread 0x00000245c7329000 nmethod 2147 0x00000245b2f42e50 code [0x00000245b2f42fa0, 0x00000245b2f430b8]
Event: 149.167 Thread 0x00000245c7329000 2149       3       com.google.common.collect.ImmutableSet$Builder::<init> (6 bytes)

GC Heap History (8 events):
Event: 19.899 GC heap before
{Heap before GC invocations=1 (full 0):
 PSYoungGen      total 36352K, used 31232K [0x00000000d7900000, 0x00000000da180000, 0x0000000100000000)
  eden space 31232K, 100% used [0x00000000d7900000,0x00000000d9780000,0x00000000d9780000)
  from space 5120K, 0% used [0x00000000d9c80000,0x00000000d9c80000,0x00000000da180000)
  to   space 5120K, 0% used [0x00000000d9780000,0x00000000d9780000,0x00000000d9c80000)
 ParOldGen       total 83456K, used 0K [0x0000000086a00000, 0x000000008bb80000, 0x00000000d7900000)
  object space 83456K, 0% used [0x0000000086a00000,0x0000000086a00000,0x000000008bb80000)
 Metaspace       used 6970K, capacity 7128K, committed 7296K, reserved 1056768K
  class space    used 809K, capacity 866K, committed 896K, reserved 1048576K
Event: 20.098 GC heap after
Heap after GC invocations=1 (full 0):
 PSYoungGen      total 36352K, used 5114K [0x00000000d7900000, 0x00000000dc000000, 0x0000000100000000)
  eden space 31232K, 0% used [0x00000000d7900000,0x00000000d7900000,0x00000000d9780000)
  from space 5120K, 99% used [0x00000000d9780000,0x00000000d9c7e868,0x00000000d9c80000)
  to   space 5120K, 0% used [0x00000000dbb00000,0x00000000dbb00000,0x00000000dc000000)
 ParOldGen       total 83456K, used 352K [0x0000000086a00000, 0x000000008bb80000, 0x00000000d7900000)
  object space 83456K, 0% used [0x0000000086a00000,0x0000000086a582e0,0x000000008bb80000)
 Metaspace       used 6970K, capacity 7128K, committed 7296K, reserved 1056768K
  class space    used 809K, capacity 866K, committed 896K, reserved 1048576K
}
Event: 35.039 GC heap before
{Heap before GC invocations=2 (full 0):
 PSYoungGen      total 36352K, used 36346K [0x00000000d7900000, 0x00000000dc000000, 0x0000000100000000)
  eden space 31232K, 100% used [0x00000000d7900000,0x00000000d9780000,0x00000000d9780000)
  from space 5120K, 99% used [0x00000000d9780000,0x00000000d9c7e868,0x00000000d9c80000)
  to   space 5120K, 0% used [0x00000000dbb00000,0x00000000dbb00000,0x00000000dc000000)
 ParOldGen       total 83456K, used 352K [0x0000000086a00000, 0x000000008bb80000, 0x00000000d7900000)
  object space 83456K, 0% used [0x0000000086a00000,0x0000000086a582e0,0x000000008bb80000)
 Metaspace       used 11661K, capacity 12006K, committed 12160K, reserved 1060864K
  class space    used 1443K, capacity 1547K, committed 1664K, reserved 1048576K
Event: 35.285 GC heap after
Heap after GC invocations=2 (full 0):
 PSYoungGen      total 67584K, used 5095K [0x00000000d7900000, 0x00000000dc000000, 0x0000000100000000)
  eden space 62464K, 0% used [0x00000000d7900000,0x00000000d7900000,0x00000000db600000)
  from space 5120K, 99% used [0x00000000dbb00000,0x00000000dbff9e80,0x00000000dc000000)
  to   space 5120K, 0% used [0x00000000db600000,0x00000000db600000,0x00000000dbb00000)
 ParOldGen       total 83456K, used 2792K [0x0000000086a00000, 0x000000008bb80000, 0x00000000d7900000)
  object space 83456K, 3% used [0x0000000086a00000,0x0000000086cba090,0x000000008bb80000)
 Metaspace       used 11661K, capacity 12006K, committed 12160K, reserved 1060864K
  class space    used 1443K, capacity 1547K, committed 1664K, reserved 1048576K
}
Event: 129.330 GC heap before
{Heap before GC invocations=3 (full 0):
 PSYoungGen      total 67584K, used 45551K [0x00000000d7900000, 0x00000000dc000000, 0x0000000100000000)
  eden space 62464K, 64% used [0x00000000d7900000,0x00000000da081f10,0x00000000db600000)
  from space 5120K, 99% used [0x00000000dbb00000,0x00000000dbff9e80,0x00000000dc000000)
  to   space 5120K, 0% used [0x00000000db600000,0x00000000db600000,0x00000000dbb00000)
 ParOldGen       total 83456K, used 2792K [0x0000000086a00000, 0x000000008bb80000, 0x00000000d7900000)
  object space 83456K, 3% used [0x0000000086a00000,0x0000000086cba090,0x000000008bb80000)
 Metaspace       used 20677K, capacity 21186K, committed 21296K, reserved 1069056K
  class space    used 2527K, capacity 2673K, committed 2688K, reserved 1048576K
Event: 136.024 GC heap after
Heap after GC invocations=3 (full 0):
 PSYoungGen      total 67584K, used 5094K [0x00000000d7900000, 0x00000000dfd00000, 0x0000000100000000)
  eden space 62464K, 0% used [0x00000000d7900000,0x00000000d7900000,0x00000000db600000)
  from space 5120K, 99% used [0x00000000db600000,0x00000000dbaf98f8,0x00000000dbb00000)
  to   space 5120K, 0% used [0x00000000df800000,0x00000000df800000,0x00000000dfd00000)
 ParOldGen       total 83456K, used 9159K [0x0000000086a00000, 0x000000008bb80000, 0x00000000d7900000)
  object space 83456K, 10% used [0x0000000086a00000,0x00000000872f1f30,0x000000008bb80000)
 Metaspace       used 20677K, capacity 21186K, committed 21296K, reserved 1069056K
  class space    used 2527K, capacity 2673K, committed 2688K, reserved 1048576K
}
Event: 136.024 GC heap before
{Heap before GC invocations=4 (full 1):
 PSYoungGen      total 67584K, used 5094K [0x00000000d7900000, 0x00000000dfd00000, 0x0000000100000000)
  eden space 62464K, 0% used [0x00000000d7900000,0x00000000d7900000,0x00000000db600000)
  from space 5120K, 99% used [0x00000000db600000,0x00000000dbaf98f8,0x00000000dbb00000)
  to   space 5120K, 0% used [0x00000000df800000,0x00000000df800000,0x00000000dfd00000)
 ParOldGen       total 83456K, used 9159K [0x0000000086a00000, 0x000000008bb80000, 0x00000000d7900000)
  object space 83456K, 10% used [0x0000000086a00000,0x00000000872f1f30,0x000000008bb80000)
 Metaspace       used 20677K, capacity 21186K, committed 21296K, reserved 1069056K
  class space    used 2527K, capacity 2673K, committed 2688K, reserved 1048576K
Event: 138.201 GC heap after
Heap after GC invocations=4 (full 1):
 PSYoungGen      total 67584K, used 0K [0x00000000d7900000, 0x00000000dfd00000, 0x0000000100000000)
  eden space 62464K, 0% used [0x00000000d7900000,0x00000000d7900000,0x00000000db600000)
  from space 5120K, 0% used [0x00000000db600000,0x00000000db600000,0x00000000dbb00000)
  to   space 5120K, 0% used [0x00000000df800000,0x00000000df800000,0x00000000dfd00000)
 ParOldGen       total 61440K, used 11196K [0x0000000086a00000, 0x000000008a600000, 0x00000000d7900000)
  object space 61440K, 18% used [0x0000000086a00000,0x00000000874ef070,0x000000008a600000)
 Metaspace       used 20677K, capacity 21186K, committed 21296K, reserved 1069056K
  class space    used 2527K, capacity 2673K, committed 2688K, reserved 1048576K
}

Deoptimization events (10 events):
Event: 110.998 Thread 0x00000245c8806800 Uncommon trap: reason=unstable_if action=reinterpret pc=0x00000245b300096c method=java.io.WinNTFileSystem.normalize(Ljava/lang/String;II)Ljava/lang/String; @ 8
Event: 113.360 Thread 0x00000245c8806800 Uncommon trap: reason=bimorphic action=maybe_recompile pc=0x00000245b3380d48 method=java.util.TimSort.binarySort([Ljava/lang/Object;IIILjava/util/Comparator;)V @ 93
Event: 114.558 Thread 0x00000245c8806800 Uncommon trap: reason=bimorphic action=maybe_recompile pc=0x00000245b3380d48 method=java.util.TimSort.binarySort([Ljava/lang/Object;IIILjava/util/Comparator;)V @ 93
Event: 141.899 Thread 0x00000245c8806800 Uncommon trap: reason=unstable_if action=reinterpret pc=0x00000245b3044910 method=java.lang.AbstractStringBuilder.append(Ljava/lang/String;)Ljava/lang/AbstractStringBuilder; @ 1
Event: 141.940 Thread 0x00000245c8806800 Uncommon trap: reason=unstable_if action=reinterpret pc=0x00000245b3184f28 method=java.util.HashMap.hash(Ljava/lang/Object;)I @ 1
Event: 142.486 Thread 0x00000245c8806800 Uncommon trap: reason=bimorphic action=maybe_recompile pc=0x00000245b3380d48 method=java.util.TimSort.binarySort([Ljava/lang/Object;IIILjava/util/Comparator;)V @ 93
Event: 142.486 Thread 0x00000245c8806800 Uncommon trap: reason=bimorphic action=maybe_recompile pc=0x00000245b3380d48 method=java.util.TimSort.binarySort([Ljava/lang/Object;IIILjava/util/Comparator;)V @ 93
Event: 144.836 Thread 0x00000245c9496800 Uncommon trap: reason=unstable_if action=reinterpret pc=0x00000245b31847a0 method=java.lang.StringCoding$StringDecoder.decode([BII)[C @ 33
Event: 147.844 Thread 0x00000245c8806800 Uncommon trap: reason=unstable_if action=reinterpret pc=0x00000245b33957d4 method=jdk.internal.org.objectweb.asm.Type.getArgumentsAndReturnSizes(Ljava/lang/String;)I @ 47
Event: 149.166 Thread 0x00000245c92f6800 Uncommon trap: reason=unstable_if action=reinterpret pc=0x00000245b3186948 method=java.lang.ThreadLocal$ThreadLocalMap.getEntry(Ljava/lang/ThreadLocal;)Ljava/lang/ThreadLocal$ThreadLocalMap$Entry; @ 29

Classes redefined (0 events):
No events

Internal exceptions (10 events):
Event: 40.947 Thread 0x00000245b1439000 Exception <a 'java/lang/ClassNotFoundException': org/apache/log4j/LayoutCustomizer> (0x00000000d8c47950) thrown at [C:\jenkins\workspace\8-2-build-windows-amd64-cygwin\jdk8u281\880\hotspot\src\share\vm\classfile\systemDictionary.cpp, line 212]
Event: 41.405 Thread 0x00000245b1439000 Exception <a 'java/lang/ClassNotFoundException': org/apache/log4j/PatternLayoutCustomizer> (0x00000000d8c7dde8) thrown at [C:\jenkins\workspace\8-2-build-windows-amd64-cygwin\jdk8u281\880\hotspot\src\share\vm\classfile\systemDictionary.cpp, line 212]
Event: 41.433 Thread 0x00000245b1439000 Implicit null exception at 0x00000245b3038496 to 0x00000245b3038831
Event: 126.434 Thread 0x00000245c8806800 Exception <a 'java/io/FileNotFoundException'> (0x00000000da038518) thrown at [C:\jenkins\workspace\8-2-build-windows-amd64-cygwin\jdk8u281\880\hotspot\src\share\vm\prims\jni.cpp, line 710]
Event: 139.454 Thread 0x00000245c8806800 Exception <a 'java/io/FileNotFoundException'> (0x00000000d7922d68) thrown at [C:\jenkins\workspace\8-2-build-windows-amd64-cygwin\jdk8u281\880\hotspot\src\share\vm\prims\jni.cpp, line 710]
Event: 141.899 Thread 0x00000245c8806800 Implicit null exception at 0x00000245b3044556 to 0x00000245b30448f9
Event: 141.940 Thread 0x00000245c8806800 Implicit null exception at 0x00000245b3184d15 to 0x00000245b3184f19
Event: 144.773 Thread 0x00000245c9767000 Exception <a 'java/io/FileNotFoundException'> (0x00000000d7b46378) thrown at [C:\jenkins\workspace\8-2-build-windows-amd64-cygwin\jdk8u281\880\hotspot\src\share\vm\prims\jni.cpp, line 710]
Event: 149.167 Thread 0x00000245c991e000 StackOverflowError at 0x00000245b31d3620
Event: 149.167 Thread 0x00000245c991e000 Exception <a 'java/lang/StackOverflowError'> (0x00000000d99d9ec0) thrown at [C:\jenkins\workspace\8-2-build-windows-amd64-cygwin\jdk8u281\880\hotspot\src\share\vm\runtime\sharedRuntime.cpp, line 609]

Events (10 events):
Event: 149.164 Executing VM operation: RevokeBias done
Event: 149.165 Executing VM operation: BulkRevokeBias
Event: 149.165 Executing VM operation: BulkRevokeBias done
Event: 149.166 Thread 0x00000245c92f6800 Uncommon trap: trap_request=0xffffff65 fr.pc=0x00000245b3186948
Event: 149.166 Thread 0x00000245c92f6800 DEOPT PACKING pc=0x00000245b3186948 sp=0x000000d4f37fecb0
Event: 149.166 Thread 0x00000245c92f6800 DEOPT UNPACKING pc=0x00000245b2e35843 sp=0x000000d4f37feb80 mode 2
Event: 149.167 Executing VM operation: RevokeBias
Event: 149.186 Executing VM operation: RevokeBias done
Event: 149.186 loading class com/google/common/util/concurrent/AbstractFuture$Failure$1
Event: 149.186 loading class com/google/common/util/concurrent/AbstractFuture$Failure$1 done


Dynamic libraries:
0x00007ff78ef70000 - 0x00007ff78efb7000 	C:\Program Files\Java\jre1.8.0_281\bin\javaw.exe
0x00007ffc16930000 - 0x00007ffc16b25000 	C:\WINDOWS\SYSTEM32\ntdll.dll
0x00007ffc15590000 - 0x00007ffc1564d000 	C:\WINDOWS\System32\KERNEL32.DLL
0x00007ffc14100000 - 0x00007ffc143c8000 	C:\WINDOWS\System32\KERNELBASE.dll
0x00007ffc15da0000 - 0x00007ffc15e4c000 	C:\WINDOWS\System32\ADVAPI32.dll
0x00007ffc16280000 - 0x00007ffc1631e000 	C:\WINDOWS\System32\msvcrt.dll
0x00007ffc16730000 - 0x00007ffc167cb000 	C:\WINDOWS\System32\sechost.dll
0x00007ffc15f90000 - 0x00007ffc160bb000 	C:\WINDOWS\System32\RPCRT4.dll
0x00007ffc14af0000 - 0x00007ffc14c90000 	C:\WINDOWS\System32\USER32.dll
0x00007ffc14070000 - 0x00007ffc14092000 	C:\WINDOWS\System32\win32u.dll
0x00007ffc16250000 - 0x00007ffc1627a000 	C:\WINDOWS\System32\GDI32.dll
0x00007ffc14690000 - 0x00007ffc1479b000 	C:\WINDOWS\System32\gdi32full.dll
0x00007ffc147a0000 - 0x00007ffc1483d000 	C:\WINDOWS\System32\msvcp_win.dll
0x00007ffc14840000 - 0x00007ffc14940000 	C:\WINDOWS\System32\ucrtbase.dll
0x00007ffc033f0000 - 0x00007ffc0368a000 	C:\WINDOWS\WinSxS\amd64_microsoft.windows.common-controls_6595b64144ccf1df_6.0.19041.844_none_ca00b6081b84eb1d\COMCTL32.dll
0x00007ffc14ac0000 - 0x00007ffc14af0000 	C:\WINDOWS\System32\IMM32.DLL
0x00007ffc00b80000 - 0x00007ffc00b95000 	C:\Program Files\Java\jre1.8.0_281\bin\vcruntime140.dll
0x00007ffbeb270000 - 0x00007ffbeb30b000 	C:\Program Files\Java\jre1.8.0_281\bin\msvcp140.dll
0x0000000076d00000 - 0x000000007755f000 	C:\Program Files\Java\jre1.8.0_281\bin\server\jvm.dll
0x00007ffc15f80000 - 0x00007ffc15f88000 	C:\WINDOWS\System32\PSAPI.DLL
0x00007ffc04a60000 - 0x00007ffc04a69000 	C:\WINDOWS\SYSTEM32\WSOCK32.dll
0x00007ffc16880000 - 0x00007ffc168eb000 	C:\WINDOWS\System32\WS2_32.dll
0x00007ffc0ae20000 - 0x00007ffc0ae47000 	C:\WINDOWS\SYSTEM32\WINMM.dll
0x00007ffc05b50000 - 0x00007ffc05b5a000 	C:\WINDOWS\SYSTEM32\VERSION.dll
0x00007ffc12990000 - 0x00007ffc129a2000 	C:\WINDOWS\SYSTEM32\kernel.appcore.dll
0x00007ffc0fc40000 - 0x00007ffc0fc50000 	C:\Program Files\Java\jre1.8.0_281\bin\verify.dll
0x00007ffc01d50000 - 0x00007ffc01d7b000 	C:\Program Files\Java\jre1.8.0_281\bin\java.dll
0x00007ffc02960000 - 0x00007ffc02978000 	C:\Program Files\Java\jre1.8.0_281\bin\zip.dll
0x00007ffc15650000 - 0x00007ffc15d92000 	C:\WINDOWS\System32\SHELL32.dll
0x00007ffc11ff0000 - 0x00007ffc12780000 	C:\WINDOWS\SYSTEM32\windows.storage.dll
0x00007ffc163d0000 - 0x00007ffc16725000 	C:\WINDOWS\System32\combase.dll
0x00007ffc13ae0000 - 0x00007ffc13b0c000 	C:\WINDOWS\SYSTEM32\Wldp.dll
0x00007ffc167d0000 - 0x00007ffc1687e000 	C:\WINDOWS\System32\SHCORE.dll
0x00007ffc15250000 - 0x00007ffc152a5000 	C:\WINDOWS\System32\shlwapi.dll
0x00007ffc13fb0000 - 0x00007ffc13fcf000 	C:\WINDOWS\SYSTEM32\profapi.dll
0x00007ffc13a30000 - 0x00007ffc13a48000 	C:\WINDOWS\SYSTEM32\CRYPTSP.dll
0x00007ffc13180000 - 0x00007ffc131b4000 	C:\WINDOWS\system32\rsaenh.dll
0x00007ffc143d0000 - 0x00007ffc143f7000 	C:\WINDOWS\System32\bcrypt.dll
0x00007ffc13f70000 - 0x00007ffc13f9e000 	C:\WINDOWS\SYSTEM32\USERENV.dll
0x00007ffc14610000 - 0x00007ffc14690000 	C:\WINDOWS\System32\bcryptprimitives.dll
0x00007ffc13a20000 - 0x00007ffc13a2c000 	C:\WINDOWS\SYSTEM32\CRYPTBASE.dll
0x00007ffc01ee0000 - 0x00007ffc01efc000 	C:\Program Files\Java\jre1.8.0_281\bin\net.dll
0x00007ffc13850000 - 0x00007ffc138ba000 	C:\WINDOWS\system32\mswsock.dll
0x00007ffc134f0000 - 0x00007ffc1352b000 	C:\WINDOWS\SYSTEM32\IPHLPAPI.DLL
0x00007ffc163a0000 - 0x00007ffc163a8000 	C:\WINDOWS\System32\NSI.dll
0x00007ffc0e700000 - 0x00007ffc0e717000 	C:\WINDOWS\SYSTEM32\dhcpcsvc6.DLL
0x00007ffc0e640000 - 0x00007ffc0e65d000 	C:\WINDOWS\SYSTEM32\dhcpcsvc.DLL
0x00007ffc13530000 - 0x00007ffc135fc000 	C:\WINDOWS\SYSTEM32\DNSAPI.dll
0x00007ffc01da0000 - 0x00007ffc01db3000 	C:\Program Files\Java\jre1.8.0_281\bin\nio.dll
0x00007ffbe3a40000 - 0x00007ffbe3bd5000 	C:\Program Files\Java\jre1.8.0_281\bin\awt.dll
0x00007ffc14990000 - 0x00007ffc14a5d000 	C:\WINDOWS\System32\OLEAUT32.dll
0x00007ffc117c0000 - 0x00007ffc11850000 	C:\WINDOWS\SYSTEM32\apphelp.dll
0x00007ffc11c30000 - 0x00007ffc11c5f000 	C:\WINDOWS\system32\DWMAPI.DLL
0x00007ffc11950000 - 0x00007ffc119ee000 	C:\WINDOWS\system32\uxtheme.dll
0x00007ffbf2b70000 - 0x00007ffbf2c96000 	C:\WINDOWS\system32\opengl32.dll
0x00007ffbf2af0000 - 0x00007ffbf2b1c000 	C:\WINDOWS\SYSTEM32\GLU32.dll
0x00007ffc15e60000 - 0x00007ffc15f75000 	C:\WINDOWS\System32\MSCTF.dll
0x00007ffc15460000 - 0x00007ffc1558a000 	C:\WINDOWS\System32\ole32.dll
0x00007ffbffa20000 - 0x00007ffbffa69000 	C:\Program Files\Java\jre1.8.0_281\bin\fontmanager.dll
0x00007ffc0a4d0000 - 0x00007ffc0a5c9000 	C:\WINDOWS\SYSTEM32\textinputframework.dll
0x00007ffc11100000 - 0x00007ffc1145e000 	C:\WINDOWS\System32\CoreUIComponents.dll
0x00007ffc11460000 - 0x00007ffc11552000 	C:\WINDOWS\System32\CoreMessaging.dll
0x00007ffc12db0000 - 0x00007ffc12de3000 	C:\WINDOWS\SYSTEM32\ntmarta.dll
0x00007ffc10a30000 - 0x00007ffc10b84000 	C:\WINDOWS\SYSTEM32\wintypes.dll
0x00007ffbfcca0000 - 0x00007ffbfcce3000 	C:\Program Files\Java\jre1.8.0_281\bin\t2k.dll

VM Arguments:
jvm_args: -Dfile.encoding=UTF-8 
java_command: io.sarl.sre.boot.Boot --log=info --boot-type=default crs_sim.environment.EnvironmentAgent --
java_class_path (initial): C:\Users\Admin\Documents\IA51-SARL\plugins\io.janusproject.plugin_0.11.0.jar;C:\Users\Admin\Documents\IA51-SARL\plugins\io.sarl.core_0.11.0.jar;C:\Users\Admin\Documents\IA51-SARL\plugins\org.apache.commons.cli_1.4.0.jar;C:\Users\Admin\Documents\IA51-SARL\plugins\org.arakhne.afc.core.vmutils_16.0.0.jar;C:\Users\Admin\Documents\IA51-SARL\plugins\org.arakhne.afc.core.util_16.0.0.jar;C:\Users\Admin\Documents\IA51-SARL\plugins\org.arakhne.afc.core.inputoutput_16.0.0.jar;C:\Users\Admin\Documents\IA51-SARL\plugins\com.google.gson_2.8.6.jar;C:\Users\Admin\Documents\IA51-SARL\plugins\com.fasterxml.jackson.core.jackson-annotations_2.11.0.jar;C:\Users\Admin\Documents\IA51-SARL\plugins\com.fasterxml.jackson.core.jackson-core_2.11.0.jar;C:\Users\Admin\Documents\IA51-SARL\plugins\com.fasterxml.jackson.core.jackson-databind_2.11.0.jar;C:\Users\Admin\Documents\IA51-SARL\plugins\com.fasterxml.jackson.dataformat.jackson-dataformat-xml_2.11.0.jar;C:\Users\Admin\Documents\IA51-SARL\plugins\com.fasterxml.jackson.dataformat.jackson-dataformat-yaml_2.11.0.jar;C:\Users\Admin\Documents\IA51-SARL\plugins\io.bootique_1.1.0.jar;C:\Users\Admin\Documents\IA51-SARL\plugins\org.arakhne.afc.bootique.log4j_16.0.0.jar;C:\Users\Admin\Documents\IA51-SARL\plugins\java-uuid-generator_4.0.1.jar;C:\Users\Admin\Documents\IA51-SARL\plugins\io.sarl.lang.core_0.11.0.jar;C:\Users\Admin\Documents\IA51-SARL\plugins\io.sarl.util_0.11.0.jar;C:\Users\Admin\Documents\IA51-SARL\plugins\com.google.guava_29.0.0.jre.jar;C:\Users\Admin\Documents\IA51-SARL\plugins\com.fasterxml.jackson.module.jackson-module-jaxb-annotations_2.11.0.jar;C:\Users\Admin\Documents\IA51-SARL\plugins\stax2-api_4.2.0.jar;C:\Users\Admin\Documents\IA51-SARL\plugins\org.yaml.snakeyaml_1.26.0.jar;C:\Users\Admin\Documents\IA51-SARL\plugins\net.sf.jopt-simple.jopt-simple_5.0.3.jar;C:\Users\Admin\Documents\IA51-SARL\plugins\org.apache.log4j_1.2.15.v201012070815.jar;C:\Users\Admin\Documents\IA51-SARL\plugins\org.arakhne.afc.bo
Launcher Type: SUN_STANDARD

Environment Variables:
PATH=C:/Program Files/Java/jre1.8.0_281/bin/server;C:/Program Files/Java/jre1.8.0_281/bin;C:/Program Files/Java/jre1.8.0_281/lib/amd64;C:\Program Files (x86)\Common Files\Oracle\Java\javapath;C:\WINDOWS\system32;C:\WINDOWS;C:\WINDOWS\System32\Wbem;C:\WINDOWS\System32\WindowsPowerShell\v1.0\;C:\WINDOWS\System32\OpenSSH\;C:\Program Files\Git\cmd;C:\Program Files\PuTTY\;C:\Users\Admin\AppData\Local\Microsoft\WindowsApps;C:\Users\Admin\AppData\Local\GitHubDesktop\bin;C:\Users\Admin\Documents\IA51-SARL;
USERNAME=Admin
OS=Windows_NT
PROCESSOR_IDENTIFIER=Intel64 Family 6 Model 58 Stepping 9, GenuineIntel



---------------  S Y S T E M  ---------------

OS: Windows 10.0 , 64 bit Build 19041 (10.0.19041.928)

CPU:total 4 (initial active 4) (2 cores per cpu, 2 threads per core) family 6 model 58 stepping 9, cmov, cx8, fxsr, mmx, sse, sse2, sse3, ssse3, sse4.1, sse4.2, popcnt, avx, aes, clmul, erms, ht, tsc, tscinvbit, tscinv

Memory: 4k page, physical 7954292k(166016k free), swap 32071540k(0k free)

vm_info: Java HotSpot(TM) 64-Bit Server VM (25.281-b09) for windows-amd64 JRE (1.8.0_281-b09), built on Dec  9 2020 13:54:07 by "" with MS VC++ 15.9 (VS2017)

time: Sat Jun  5 18:27:43 2021
timezone: Paris, Madrid (heure d’été)
elapsed time: 149.281995 seconds (0d 0h 2m 29s)

