#
# There is insufficient memory for the Java Runtime Environment to continue.
# Native memory allocation (malloc) failed to allocate 32744 bytes for ChunkPool::allocate
# Possible reasons:
#   The system is out of physical RAM or swap space
#   The process is running with CompressedOops enabled, and the Java Heap may be blocking the growth of the native heap
# Possible solutions:
#   Reduce memory load on the system
#   Increase physical memory or swap space
#   Check if swap backing store is full
#   Decrease Java heap size (-Xmx/-Xms)
#   Decrease number of Java threads
#   Decrease Java thread stack sizes (-Xss)
#   Set larger code cache with -XX:ReservedCodeCacheSize=
#   JVM is running with Unscaled Compressed Oops mode in which the Java heap is
#     placed in the first 4GB address space. The Java Heap base address is the
#     maximum limit for the native heap growth. Please use -XX:HeapBaseMinAddress
#     to set the Java Heap base and to place the Java Heap above 4GB virtual address.
# This output file may be truncated or incomplete.
#
#  Out of Memory Error (allocation.cpp:272), pid=13584, tid=0x0000000000002634
#
# JRE version: Java(TM) SE Runtime Environment (8.0_281-b09) (build 1.8.0_281-b09)
# Java VM: Java HotSpot(TM) 64-Bit Server VM (25.281-b09 mixed mode windows-amd64 compressed oops)
# Failed to write core dump. Minidumps are not enabled by default on client versions of Windows
#

---------------  T H R E A D  ---------------

Current thread (0x0000020b95559000):  JavaThread "C1 CompilerThread2" daemon [_thread_in_native, id=9780, stack(0x0000000c03200000,0x0000000c03300000)]

Stack: [0x0000000c03200000,0x0000000c03300000]
Native frames: (J=compiled Java code, j=interpreted, Vv=VM code, C=native code)
V  [jvm.dll+0x32e5b9]


Current CompileTask:
C1: 149949 2055       3       javax.swing.UIDefaults$TextAndMnemonicHashMap::get (358 bytes)


---------------  P R O C E S S  ---------------

Java Threads: ( => current thread )
  0x0000020b96a55800 JavaThread "Image Fetcher 0" daemon [_thread_blocked, id=23032, stack(0x0000000c03d00000,0x0000000c03e00000)]
  0x0000020b97582000 JavaThread "AWT-EventQueue-0" [_thread_in_native, id=22952, stack(0x0000000c03c00000,0x0000000c03d00000)]
  0x0000020b97410800 JavaThread "AWT-Windows" daemon [_thread_in_native, id=22484, stack(0x0000000c03b00000,0x0000000c03c00000)]
  0x0000020b96892800 JavaThread "AWT-Shutdown" [_thread_blocked, id=20756, stack(0x0000000c03900000,0x0000000c03a00000)]
  0x0000020b968b2000 JavaThread "Java2D Disposer" daemon [_thread_blocked, id=20752, stack(0x0000000c02500000,0x0000000c02600000)]
  0x0000020bff679000 JavaThread "DestroyJavaVM" [_thread_blocked, id=7772, stack(0x0000000c02600000,0x0000000c02700000)]
  0x0000020b955b6800 JavaThread "pool-1-thread-1" [_thread_in_vm, id=12120, stack(0x0000000c03600000,0x0000000c03700000)]
  0x0000020b96a90000 JavaThread "pool-2-thread-1" [_thread_blocked, id=16388, stack(0x0000000c03500000,0x0000000c03600000)]
  0x0000020b9555d800 JavaThread "Service Thread" daemon [_thread_blocked, id=9800, stack(0x0000000c03300000,0x0000000c03400000)]
=>0x0000020b95559000 JavaThread "C1 CompilerThread2" daemon [_thread_in_native, id=9780, stack(0x0000000c03200000,0x0000000c03300000)]
  0x0000020b95558000 JavaThread "C2 CompilerThread1" daemon [_thread_in_vm, id=13380, stack(0x0000000c03100000,0x0000000c03200000)]
  0x0000020b954f8800 JavaThread "C2 CompilerThread0" daemon [_thread_in_vm, id=11612, stack(0x0000000c03000000,0x0000000c03100000)]
  0x0000020b954f5000 JavaThread "Attach Listener" daemon [_thread_blocked, id=5540, stack(0x0000000c02f00000,0x0000000c03000000)]
  0x0000020b954f4000 JavaThread "Signal Dispatcher" daemon [_thread_blocked, id=8140, stack(0x0000000c02e00000,0x0000000c02f00000)]
  0x0000020b954d8000 JavaThread "Finalizer" daemon [_thread_blocked, id=14636, stack(0x0000000c02d00000,0x0000000c02e00000)]
  0x0000020b954b0800 JavaThread "Reference Handler" daemon [_thread_blocked, id=8516, stack(0x0000000c02c00000,0x0000000c02d00000)]

Other Threads:
  0x0000020b954a4000 VMThread [stack: 0x0000000c02b00000,0x0000000c02c00000] [id=18972]
  0x0000020b955e0800 WatcherThread [stack: 0x0000000c03400000,0x0000000c03500000] [id=12180]

VM state:not at safepoint (normal execution)

VM Mutex/Monitor currently owned by a thread: None

heap address: 0x0000000086a00000, size: 1942 MB, Compressed Oops mode: 32-bit
Narrow klass base: 0x0000000000000000, Narrow klass shift: 3
Compressed class space size: 1073741824 Address: 0x0000000100000000

Heap:
 PSYoungGen      total 67584K, used 11083K [0x00000000d7900000, 0x00000000dfd00000, 0x0000000100000000)
  eden space 62464K, 17% used [0x00000000d7900000,0x00000000d83d2e18,0x00000000db600000)
  from space 5120K, 0% used [0x00000000db600000,0x00000000db600000,0x00000000dbb00000)
  to   space 5120K, 0% used [0x00000000df800000,0x00000000df800000,0x00000000dfd00000)
 ParOldGen       total 54784K, used 11196K [0x0000000086a00000, 0x0000000089f80000, 0x00000000d7900000)
  object space 54784K, 20% used [0x0000000086a00000,0x00000000874ef220,0x0000000089f80000)
 Metaspace       used 24521K, capacity 25106K, committed 25344K, reserved 1071104K
  class space    used 3047K, capacity 3208K, committed 3328K, reserved 1048576K

Card table byte_map: [0x0000020b90410000,0x0000020b907e0000] byte_map_base: 0x0000020b8ffdb000

Marking Bits: (ParMarkBitMap*) 0x00000000774e6ff0
 Begin Bits: [0x0000020b90a70000, 0x0000020b928c8000)
 End Bits:   [0x0000020b928c8000, 0x0000020b94720000)

Polling page: 0x0000020bff600000

CodeCache: size=245760Kb used=5594Kb max_used=5728Kb free=240165Kb
 bounds [0x0000020b81410000, 0x0000020b819b0000, 0x0000020b90410000]
 total_blobs=2407 nmethods=1832 adapters=487
 compilation: enabled

Compilation events (10 events):
Event: 149.910 Thread 0x0000020b95559000 nmethod 2052 0x0000020b8194ea10 code [0x0000020b8194eb60, 0x0000020b8194ec78]
Event: 149.910 Thread 0x0000020b95558000 nmethod 2054 0x0000020b81584410 code [0x0000020b81584540, 0x0000020b815845b8]
Event: 149.910 Thread 0x0000020b95559000 2047       1       java.awt.Container::getLayout (5 bytes)
Event: 149.910 Thread 0x0000020b95559000 nmethod 2047 0x0000020b81584150 code [0x0000020b815842a0, 0x0000020b815843b8]
Event: 149.910 Thread 0x0000020b95559000 2050       1       java.awt.Component::isPreferredSizeSet (5 bytes)
Event: 149.910 Thread 0x0000020b95559000 nmethod 2050 0x0000020b81583dd0 code [0x0000020b81583f20, 0x0000020b81584038]
Event: 149.910 Thread 0x0000020b95559000 2051       1       java.awt.Component::isMinimumSizeSet (5 bytes)
Event: 149.910 Thread 0x0000020b95559000 nmethod 2051 0x0000020b8167eed0 code [0x0000020b8167f020, 0x0000020b8167f138]
Event: 149.910 Thread 0x0000020b95559000 2055       3       javax.swing.UIDefaults$TextAndMnemonicHashMap::get (358 bytes)
Event: 149.911 Thread 0x0000020b954f8800 nmethod 2053 0x0000020b8167d590 code [0x0000020b8167d6e0, 0x0000020b8167d818]

GC Heap History (8 events):
Event: 17.935 GC heap before
{Heap before GC invocations=1 (full 0):
 PSYoungGen      total 36352K, used 31232K [0x00000000d7900000, 0x00000000da180000, 0x0000000100000000)
  eden space 31232K, 100% used [0x00000000d7900000,0x00000000d9780000,0x00000000d9780000)
  from space 5120K, 0% used [0x00000000d9c80000,0x00000000d9c80000,0x00000000da180000)
  to   space 5120K, 0% used [0x00000000d9780000,0x00000000d9780000,0x00000000d9c80000)
 ParOldGen       total 83456K, used 0K [0x0000000086a00000, 0x000000008bb80000, 0x00000000d7900000)
  object space 83456K, 0% used [0x0000000086a00000,0x0000000086a00000,0x000000008bb80000)
 Metaspace       used 6957K, capacity 7132K, committed 7296K, reserved 1056768K
  class space    used 810K, capacity 866K, committed 896K, reserved 1048576K
Event: 18.381 GC heap after
Heap after GC invocations=1 (full 0):
 PSYoungGen      total 36352K, used 5091K [0x00000000d7900000, 0x00000000dc000000, 0x0000000100000000)
  eden space 31232K, 0% used [0x00000000d7900000,0x00000000d7900000,0x00000000d9780000)
  from space 5120K, 99% used [0x00000000d9780000,0x00000000d9c78c38,0x00000000d9c80000)
  to   space 5120K, 0% used [0x00000000dbb00000,0x00000000dbb00000,0x00000000dc000000)
 ParOldGen       total 83456K, used 343K [0x0000000086a00000, 0x000000008bb80000, 0x00000000d7900000)
  object space 83456K, 0% used [0x0000000086a00000,0x0000000086a55e88,0x000000008bb80000)
 Metaspace       used 6957K, capacity 7132K, committed 7296K, reserved 1056768K
  class space    used 810K, capacity 866K, committed 896K, reserved 1048576K
}
Event: 34.914 GC heap before
{Heap before GC invocations=2 (full 0):
 PSYoungGen      total 36352K, used 36323K [0x00000000d7900000, 0x00000000dc000000, 0x0000000100000000)
  eden space 31232K, 100% used [0x00000000d7900000,0x00000000d9780000,0x00000000d9780000)
  from space 5120K, 99% used [0x00000000d9780000,0x00000000d9c78c38,0x00000000d9c80000)
  to   space 5120K, 0% used [0x00000000dbb00000,0x00000000dbb00000,0x00000000dc000000)
 ParOldGen       total 83456K, used 343K [0x0000000086a00000, 0x000000008bb80000, 0x00000000d7900000)
  object space 83456K, 0% used [0x0000000086a00000,0x0000000086a55e88,0x000000008bb80000)
 Metaspace       used 11639K, capacity 12004K, committed 12160K, reserved 1060864K
  class space    used 1441K, capacity 1546K, committed 1664K, reserved 1048576K
Event: 35.201 GC heap after
Heap after GC invocations=2 (full 0):
 PSYoungGen      total 67584K, used 5091K [0x00000000d7900000, 0x00000000dc000000, 0x0000000100000000)
  eden space 62464K, 0% used [0x00000000d7900000,0x00000000d7900000,0x00000000db600000)
  from space 5120K, 99% used [0x00000000dbb00000,0x00000000dbff8c08,0x00000000dc000000)
  to   space 5120K, 0% used [0x00000000db600000,0x00000000db600000,0x00000000dbb00000)
 ParOldGen       total 83456K, used 2773K [0x0000000086a00000, 0x000000008bb80000, 0x00000000d7900000)
  object space 83456K, 3% used [0x0000000086a00000,0x0000000086cb57b8,0x000000008bb80000)
 Metaspace       used 11639K, capacity 12004K, committed 12160K, reserved 1060864K
  class space    used 1441K, capacity 1546K, committed 1664K, reserved 1048576K
}
Event: 138.525 GC heap before
{Heap before GC invocations=3 (full 0):
 PSYoungGen      total 67584K, used 45378K [0x00000000d7900000, 0x00000000dc000000, 0x0000000100000000)
  eden space 62464K, 64% used [0x00000000d7900000,0x00000000da057ed8,0x00000000db600000)
  from space 5120K, 99% used [0x00000000dbb00000,0x00000000dbff8c08,0x00000000dc000000)
  to   space 5120K, 0% used [0x00000000db600000,0x00000000db600000,0x00000000dbb00000)
 ParOldGen       total 83456K, used 2773K [0x0000000086a00000, 0x000000008bb80000, 0x00000000d7900000)
  object space 83456K, 3% used [0x0000000086a00000,0x0000000086cb57b8,0x000000008bb80000)
 Metaspace       used 20685K, capacity 21190K, committed 21296K, reserved 1069056K
  class space    used 2530K, capacity 2673K, committed 2688K, reserved 1048576K
Event: 140.181 GC heap after
Heap after GC invocations=3 (full 0):
 PSYoungGen      total 67584K, used 5110K [0x00000000d7900000, 0x00000000dfd00000, 0x0000000100000000)
  eden space 62464K, 0% used [0x00000000d7900000,0x00000000d7900000,0x00000000db600000)
  from space 5120K, 99% used [0x00000000db600000,0x00000000dbafd8e8,0x00000000dbb00000)
  to   space 5120K, 0% used [0x00000000df800000,0x00000000df800000,0x00000000dfd00000)
 ParOldGen       total 83456K, used 9105K [0x0000000086a00000, 0x000000008bb80000, 0x00000000d7900000)
  object space 83456K, 10% used [0x0000000086a00000,0x00000000872e4720,0x000000008bb80000)
 Metaspace       used 20685K, capacity 21190K, committed 21296K, reserved 1069056K
  class space    used 2530K, capacity 2673K, committed 2688K, reserved 1048576K
}
Event: 140.181 GC heap before
{Heap before GC invocations=4 (full 1):
 PSYoungGen      total 67584K, used 5110K [0x00000000d7900000, 0x00000000dfd00000, 0x0000000100000000)
  eden space 62464K, 0% used [0x00000000d7900000,0x00000000d7900000,0x00000000db600000)
  from space 5120K, 99% used [0x00000000db600000,0x00000000dbafd8e8,0x00000000dbb00000)
  to   space 5120K, 0% used [0x00000000df800000,0x00000000df800000,0x00000000dfd00000)
 ParOldGen       total 83456K, used 9105K [0x0000000086a00000, 0x000000008bb80000, 0x00000000d7900000)
  object space 83456K, 10% used [0x0000000086a00000,0x00000000872e4720,0x000000008bb80000)
 Metaspace       used 20685K, capacity 21190K, committed 21296K, reserved 1069056K
  class space    used 2530K, capacity 2673K, committed 2688K, reserved 1048576K
Event: 140.629 GC heap after
Heap after GC invocations=4 (full 1):
 PSYoungGen      total 67584K, used 0K [0x00000000d7900000, 0x00000000dfd00000, 0x0000000100000000)
  eden space 62464K, 0% used [0x00000000d7900000,0x00000000d7900000,0x00000000db600000)
  from space 5120K, 0% used [0x00000000db600000,0x00000000db600000,0x00000000dbb00000)
  to   space 5120K, 0% used [0x00000000df800000,0x00000000df800000,0x00000000dfd00000)
 ParOldGen       total 54784K, used 11196K [0x0000000086a00000, 0x0000000089f80000, 0x00000000d7900000)
  object space 54784K, 20% used [0x0000000086a00000,0x00000000874ef220,0x0000000089f80000)
 Metaspace       used 20685K, capacity 21190K, committed 21296K, reserved 1069056K
  class space    used 2530K, capacity 2673K, committed 2688K, reserved 1048576K
}

Deoptimization events (10 events):
Event: 43.324 Thread 0x0000020bff679000 Uncommon trap: reason=class_check action=maybe_recompile pc=0x0000020b8190d020 method=java.util.concurrent.ConcurrentHashMap.putVal(Ljava/lang/Object;Ljava/lang/Object;Z)Ljava/lang/Object; @ 192
Event: 113.969 Thread 0x0000020b955b6800 Uncommon trap: reason=unstable_if action=reinterpret pc=0x0000020b816a73ac method=java.io.WinNTFileSystem.normalize(Ljava/lang/String;)Ljava/lang/String; @ 128
Event: 113.969 Thread 0x0000020b955b6800 Uncommon trap: reason=unstable_if action=reinterpret pc=0x0000020b81614aec method=java.io.WinNTFileSystem.normalize(Ljava/lang/String;II)Ljava/lang/String; @ 8
Event: 115.515 Thread 0x0000020b955b6800 Uncommon trap: reason=bimorphic action=maybe_recompile pc=0x0000020b8196ca84 method=java.util.TimSort.binarySort([Ljava/lang/Object;IIILjava/util/Comparator;)V @ 93
Event: 119.939 Thread 0x0000020b955b6800 Uncommon trap: reason=bimorphic action=maybe_recompile pc=0x0000020b8196ca84 method=java.util.TimSort.binarySort([Ljava/lang/Object;IIILjava/util/Comparator;)V @ 93
Event: 143.464 Thread 0x0000020b955b6800 Uncommon trap: reason=unstable_if action=reinterpret pc=0x0000020b81662290 method=java.lang.AbstractStringBuilder.append(Ljava/lang/String;)Ljava/lang/AbstractStringBuilder; @ 1
Event: 143.488 Thread 0x0000020b955b6800 Uncommon trap: reason=unstable_if action=reinterpret pc=0x0000020b81788c68 method=java.util.HashMap.hash(Ljava/lang/Object;)I @ 1
Event: 145.227 Thread 0x0000020b955b6800 Uncommon trap: reason=bimorphic action=maybe_recompile pc=0x0000020b8196ca84 method=java.util.TimSort.binarySort([Ljava/lang/Object;IIILjava/util/Comparator;)V @ 93
Event: 145.227 Thread 0x0000020b955b6800 Uncommon trap: reason=bimorphic action=maybe_recompile pc=0x0000020b8196ca84 method=java.util.TimSort.binarySort([Ljava/lang/Object;IIILjava/util/Comparator;)V @ 93
Event: 147.691 Thread 0x0000020b97582000 Uncommon trap: reason=unstable_if action=reinterpret pc=0x0000020b8178bae0 method=java.lang.StringCoding$StringDecoder.decode([BII)[C @ 33

Classes redefined (0 events):
No events

Internal exceptions (10 events):
Event: 41.074 Thread 0x0000020bff679000 Exception <a 'java/lang/ClassNotFoundException': java/lang/ObjectBeanInfo> (0x00000000d8c1f358) thrown at [C:\jenkins\workspace\8-2-build-windows-amd64-cygwin\jdk8u281\880\hotspot\src\share\vm\classfile\systemDictionary.cpp, line 212]
Event: 41.079 Thread 0x0000020bff679000 Exception <a 'java/lang/ClassNotFoundException': java/lang/ObjectCustomizer> (0x00000000d8c2db68) thrown at [C:\jenkins\workspace\8-2-build-windows-amd64-cygwin\jdk8u281\880\hotspot\src\share\vm\classfile\systemDictionary.cpp, line 212]
Event: 41.199 Thread 0x0000020bff679000 Exception <a 'java/lang/ClassNotFoundException': org/apache/log4j/LayoutCustomizer> (0x00000000d8c54a18) thrown at [C:\jenkins\workspace\8-2-build-windows-amd64-cygwin\jdk8u281\880\hotspot\src\share\vm\classfile\systemDictionary.cpp, line 212]
Event: 41.352 Thread 0x0000020bff679000 Exception <a 'java/lang/ClassNotFoundException': org/apache/log4j/PatternLayoutCustomizer> (0x00000000d8c8af40) thrown at [C:\jenkins\workspace\8-2-build-windows-amd64-cygwin\jdk8u281\880\hotspot\src\share\vm\classfile\systemDictionary.cpp, line 212]
Event: 41.387 Thread 0x0000020bff679000 Implicit null exception at 0x0000020b81659556 to 0x0000020b816598f1
Event: 137.710 Thread 0x0000020b955b6800 Exception <a 'java/io/FileNotFoundException'> (0x00000000da00f7c8) thrown at [C:\jenkins\workspace\8-2-build-windows-amd64-cygwin\jdk8u281\880\hotspot\src\share\vm\prims\jni.cpp, line 710]
Event: 141.980 Thread 0x0000020b955b6800 Exception <a 'java/io/FileNotFoundException'> (0x00000000d79227f0) thrown at [C:\jenkins\workspace\8-2-build-windows-amd64-cygwin\jdk8u281\880\hotspot\src\share\vm\prims\jni.cpp, line 710]
Event: 143.464 Thread 0x0000020b955b6800 Implicit null exception at 0x0000020b81661ed6 to 0x0000020b81662279
Event: 143.488 Thread 0x0000020b955b6800 Implicit null exception at 0x0000020b81788a55 to 0x0000020b81788c59
Event: 147.684 Thread 0x0000020b96a55800 Exception <a 'java/io/FileNotFoundException'> (0x00000000d7b463a8) thrown at [C:\jenkins\workspace\8-2-build-windows-amd64-cygwin\jdk8u281\880\hotspot\src\share\vm\prims\jni.cpp, line 710]

Events (10 events):
Event: 149.894 loading class sun/java2d/pipe/AlphaPaintPipe$TileContext done
Event: 149.896 loading class java/awt/print/PrinterGraphics
Event: 149.896 loading class java/awt/print/PrinterGraphics done
Event: 149.896 loading class java/awt/PrintGraphics
Event: 149.896 loading class java/awt/PrintGraphics done
Event: 149.896 loading class sun/java2d/loops/FontInfo
Event: 149.896 loading class sun/java2d/loops/FontInfo done
Event: 149.898 loading class javax/swing/JToolBar
Event: 149.898 loading class javax/swing/JToolBar done
Event: 149.907 Thread 0x0000020b95559000 flushing nmethod 0x0000020b8194e890


Dynamic libraries:
0x00007ff78ef70000 - 0x00007ff78efb7000 	C:\Program Files\Java\jre1.8.0_281\bin\javaw.exe
0x00007ffc16930000 - 0x00007ffc16b25000 	C:\WINDOWS\SYSTEM32\ntdll.dll
0x00007ffc15590000 - 0x00007ffc1564d000 	C:\WINDOWS\System32\KERNEL32.DLL
0x00007ffc14100000 - 0x00007ffc143c8000 	C:\WINDOWS\System32\KERNELBASE.dll
0x00007ffc15da0000 - 0x00007ffc15e4c000 	C:\WINDOWS\System32\ADVAPI32.dll
0x00007ffc16280000 - 0x00007ffc1631e000 	C:\WINDOWS\System32\msvcrt.dll
0x00007ffc16730000 - 0x00007ffc167cb000 	C:\WINDOWS\System32\sechost.dll
0x00007ffc15f90000 - 0x00007ffc160bb000 	C:\WINDOWS\System32\RPCRT4.dll
0x00007ffc14af0000 - 0x00007ffc14c90000 	C:\WINDOWS\System32\USER32.dll
0x00007ffc14070000 - 0x00007ffc14092000 	C:\WINDOWS\System32\win32u.dll
0x00007ffc16250000 - 0x00007ffc1627a000 	C:\WINDOWS\System32\GDI32.dll
0x00007ffc14690000 - 0x00007ffc1479b000 	C:\WINDOWS\System32\gdi32full.dll
0x00007ffc147a0000 - 0x00007ffc1483d000 	C:\WINDOWS\System32\msvcp_win.dll
0x00007ffc14840000 - 0x00007ffc14940000 	C:\WINDOWS\System32\ucrtbase.dll
0x00007ffc033f0000 - 0x00007ffc0368a000 	C:\WINDOWS\WinSxS\amd64_microsoft.windows.common-controls_6595b64144ccf1df_6.0.19041.844_none_ca00b6081b84eb1d\COMCTL32.dll
0x00007ffc14ac0000 - 0x00007ffc14af0000 	C:\WINDOWS\System32\IMM32.DLL
0x00007ffc00b80000 - 0x00007ffc00b95000 	C:\Program Files\Java\jre1.8.0_281\bin\vcruntime140.dll
0x00007ffbeb270000 - 0x00007ffbeb30b000 	C:\Program Files\Java\jre1.8.0_281\bin\msvcp140.dll
0x0000000076d00000 - 0x000000007755f000 	C:\Program Files\Java\jre1.8.0_281\bin\server\jvm.dll
0x00007ffc15f80000 - 0x00007ffc15f88000 	C:\WINDOWS\System32\PSAPI.DLL
0x00007ffc04a60000 - 0x00007ffc04a69000 	C:\WINDOWS\SYSTEM32\WSOCK32.dll
0x00007ffc16880000 - 0x00007ffc168eb000 	C:\WINDOWS\System32\WS2_32.dll
0x00007ffc0ae20000 - 0x00007ffc0ae47000 	C:\WINDOWS\SYSTEM32\WINMM.dll
0x00007ffc05b50000 - 0x00007ffc05b5a000 	C:\WINDOWS\SYSTEM32\VERSION.dll
0x00007ffc12990000 - 0x00007ffc129a2000 	C:\WINDOWS\SYSTEM32\kernel.appcore.dll
0x00007ffc0fc40000 - 0x00007ffc0fc50000 	C:\Program Files\Java\jre1.8.0_281\bin\verify.dll
0x00007ffc01d50000 - 0x00007ffc01d7b000 	C:\Program Files\Java\jre1.8.0_281\bin\java.dll
0x00007ffc02960000 - 0x00007ffc02978000 	C:\Program Files\Java\jre1.8.0_281\bin\zip.dll
0x00007ffc15650000 - 0x00007ffc15d92000 	C:\WINDOWS\System32\SHELL32.dll
0x00007ffc11ff0000 - 0x00007ffc12780000 	C:\WINDOWS\SYSTEM32\windows.storage.dll
0x00007ffc163d0000 - 0x00007ffc16725000 	C:\WINDOWS\System32\combase.dll
0x00007ffc13ae0000 - 0x00007ffc13b0c000 	C:\WINDOWS\SYSTEM32\Wldp.dll
0x00007ffc167d0000 - 0x00007ffc1687e000 	C:\WINDOWS\System32\SHCORE.dll
0x00007ffc15250000 - 0x00007ffc152a5000 	C:\WINDOWS\System32\shlwapi.dll
0x00007ffc13fb0000 - 0x00007ffc13fcf000 	C:\WINDOWS\SYSTEM32\profapi.dll
0x00007ffc13a30000 - 0x00007ffc13a48000 	C:\WINDOWS\SYSTEM32\CRYPTSP.dll
0x00007ffc13180000 - 0x00007ffc131b4000 	C:\WINDOWS\system32\rsaenh.dll
0x00007ffc143d0000 - 0x00007ffc143f7000 	C:\WINDOWS\System32\bcrypt.dll
0x00007ffc13f70000 - 0x00007ffc13f9e000 	C:\WINDOWS\SYSTEM32\USERENV.dll
0x00007ffc14610000 - 0x00007ffc14690000 	C:\WINDOWS\System32\bcryptprimitives.dll
0x00007ffc13a20000 - 0x00007ffc13a2c000 	C:\WINDOWS\SYSTEM32\CRYPTBASE.dll
0x00007ffc01ee0000 - 0x00007ffc01efc000 	C:\Program Files\Java\jre1.8.0_281\bin\net.dll
0x00007ffc13850000 - 0x00007ffc138ba000 	C:\WINDOWS\system32\mswsock.dll
0x00007ffc134f0000 - 0x00007ffc1352b000 	C:\WINDOWS\SYSTEM32\IPHLPAPI.DLL
0x00007ffc163a0000 - 0x00007ffc163a8000 	C:\WINDOWS\System32\NSI.dll
0x00007ffc0e700000 - 0x00007ffc0e717000 	C:\WINDOWS\SYSTEM32\dhcpcsvc6.DLL
0x00007ffc0e640000 - 0x00007ffc0e65d000 	C:\WINDOWS\SYSTEM32\dhcpcsvc.DLL
0x00007ffc13530000 - 0x00007ffc135fc000 	C:\WINDOWS\SYSTEM32\DNSAPI.dll
0x00007ffc01da0000 - 0x00007ffc01db3000 	C:\Program Files\Java\jre1.8.0_281\bin\nio.dll
0x00007ffbe3a40000 - 0x00007ffbe3bd5000 	C:\Program Files\Java\jre1.8.0_281\bin\awt.dll
0x00007ffc14990000 - 0x00007ffc14a5d000 	C:\WINDOWS\System32\OLEAUT32.dll
0x00007ffc117c0000 - 0x00007ffc11850000 	C:\WINDOWS\SYSTEM32\apphelp.dll
0x00007ffc11c30000 - 0x00007ffc11c5f000 	C:\WINDOWS\system32\DWMAPI.DLL
0x00007ffc11950000 - 0x00007ffc119ee000 	C:\WINDOWS\system32\uxtheme.dll
0x00007ffbf2b70000 - 0x00007ffbf2c96000 	C:\WINDOWS\system32\opengl32.dll
0x00007ffbf2af0000 - 0x00007ffbf2b1c000 	C:\WINDOWS\SYSTEM32\GLU32.dll
0x00007ffc15e60000 - 0x00007ffc15f75000 	C:\WINDOWS\System32\MSCTF.dll
0x00007ffc15460000 - 0x00007ffc1558a000 	C:\WINDOWS\System32\ole32.dll
0x00007ffbffa20000 - 0x00007ffbffa69000 	C:\Program Files\Java\jre1.8.0_281\bin\fontmanager.dll
0x00007ffc0a4d0000 - 0x00007ffc0a5c9000 	C:\WINDOWS\SYSTEM32\textinputframework.dll
0x00007ffc11100000 - 0x00007ffc1145e000 	C:\WINDOWS\System32\CoreUIComponents.dll
0x00007ffc11460000 - 0x00007ffc11552000 	C:\WINDOWS\System32\CoreMessaging.dll
0x00007ffc12db0000 - 0x00007ffc12de3000 	C:\WINDOWS\SYSTEM32\ntmarta.dll
0x00007ffc10a30000 - 0x00007ffc10b84000 	C:\WINDOWS\SYSTEM32\wintypes.dll
0x00007ffbfcca0000 - 0x00007ffbfcce3000 	C:\Program Files\Java\jre1.8.0_281\bin\t2k.dll

VM Arguments:
jvm_args: -Dfile.encoding=UTF-8 
java_command: io.sarl.sre.boot.Boot --log=info --boot-type=default crs_sim.environment.EnvironmentAgent --
java_class_path (initial): C:\Users\Admin\Documents\IA51-SARL\plugins\io.janusproject.plugin_0.11.0.jar;C:\Users\Admin\Documents\IA51-SARL\plugins\io.sarl.core_0.11.0.jar;C:\Users\Admin\Documents\IA51-SARL\plugins\org.apache.commons.cli_1.4.0.jar;C:\Users\Admin\Documents\IA51-SARL\plugins\org.arakhne.afc.core.vmutils_16.0.0.jar;C:\Users\Admin\Documents\IA51-SARL\plugins\org.arakhne.afc.core.util_16.0.0.jar;C:\Users\Admin\Documents\IA51-SARL\plugins\org.arakhne.afc.core.inputoutput_16.0.0.jar;C:\Users\Admin\Documents\IA51-SARL\plugins\com.google.gson_2.8.6.jar;C:\Users\Admin\Documents\IA51-SARL\plugins\com.fasterxml.jackson.core.jackson-annotations_2.11.0.jar;C:\Users\Admin\Documents\IA51-SARL\plugins\com.fasterxml.jackson.core.jackson-core_2.11.0.jar;C:\Users\Admin\Documents\IA51-SARL\plugins\com.fasterxml.jackson.core.jackson-databind_2.11.0.jar;C:\Users\Admin\Documents\IA51-SARL\plugins\com.fasterxml.jackson.dataformat.jackson-dataformat-xml_2.11.0.jar;C:\Users\Admin\Documents\IA51-SARL\plugins\com.fasterxml.jackson.dataformat.jackson-dataformat-yaml_2.11.0.jar;C:\Users\Admin\Documents\IA51-SARL\plugins\io.bootique_1.1.0.jar;C:\Users\Admin\Documents\IA51-SARL\plugins\org.arakhne.afc.bootique.log4j_16.0.0.jar;C:\Users\Admin\Documents\IA51-SARL\plugins\java-uuid-generator_4.0.1.jar;C:\Users\Admin\Documents\IA51-SARL\plugins\io.sarl.lang.core_0.11.0.jar;C:\Users\Admin\Documents\IA51-SARL\plugins\io.sarl.util_0.11.0.jar;C:\Users\Admin\Documents\IA51-SARL\plugins\com.google.guava_29.0.0.jre.jar;C:\Users\Admin\Documents\IA51-SARL\plugins\com.fasterxml.jackson.module.jackson-module-jaxb-annotations_2.11.0.jar;C:\Users\Admin\Documents\IA51-SARL\plugins\stax2-api_4.2.0.jar;C:\Users\Admin\Documents\IA51-SARL\plugins\org.yaml.snakeyaml_1.26.0.jar;C:\Users\Admin\Documents\IA51-SARL\plugins\net.sf.jopt-simple.jopt-simple_5.0.3.jar;C:\Users\Admin\Documents\IA51-SARL\plugins\org.apache.log4j_1.2.15.v201012070815.jar;C:\Users\Admin\Documents\IA51-SARL\plugins\org.arakhne.afc.bo
Launcher Type: SUN_STANDARD

Environment Variables:
PATH=C:/Program Files/Java/jre1.8.0_281/bin/server;C:/Program Files/Java/jre1.8.0_281/bin;C:/Program Files/Java/jre1.8.0_281/lib/amd64;C:\Program Files (x86)\Common Files\Oracle\Java\javapath;C:\WINDOWS\system32;C:\WINDOWS;C:\WINDOWS\System32\Wbem;C:\WINDOWS\System32\WindowsPowerShell\v1.0\;C:\WINDOWS\System32\OpenSSH\;C:\Program Files\Git\cmd;C:\Program Files\PuTTY\;C:\Users\Admin\AppData\Local\Microsoft\WindowsApps;C:\Users\Admin\AppData\Local\GitHubDesktop\bin;C:\Users\Admin\Documents\IA51-SARL;
USERNAME=Admin
OS=Windows_NT
PROCESSOR_IDENTIFIER=Intel64 Family 6 Model 58 Stepping 9, GenuineIntel



---------------  S Y S T E M  ---------------

OS: Windows 10.0 , 64 bit Build 19041 (10.0.19041.928)

CPU:total 4 (initial active 4) (2 cores per cpu, 2 threads per core) family 6 model 58 stepping 9, cmov, cx8, fxsr, mmx, sse, sse2, sse3, ssse3, sse4.1, sse4.2, popcnt, avx, aes, clmul, erms, ht, tsc, tscinvbit, tscinv

Memory: 4k page, physical 7954292k(175716k free), swap 32071540k(0k free)

vm_info: Java HotSpot(TM) 64-Bit Server VM (25.281-b09) for windows-amd64 JRE (1.8.0_281-b09), built on Dec  9 2020 13:54:07 by "" with MS VC++ 15.9 (VS2017)

time: Sat Jun  5 18:27:43 2021
timezone: Paris, Madrid (heure d’été)
elapsed time: 149.999268 seconds (0d 0h 2m 29s)

