#
# There is insufficient memory for the Java Runtime Environment to continue.
# Native memory allocation (malloc) failed to allocate 32784 bytes for Chunk::new
# Possible reasons:
#   The system is out of physical RAM or swap space
#   The process is running with CompressedOops enabled, and the Java Heap may be blocking the growth of the native heap
# Possible solutions:
#   Reduce memory load on the system
#   Increase physical memory or swap space
#   Check if swap backing store is full
#   Decrease Java heap size (-Xmx/-Xms)
#   Decrease number of Java threads
#   Decrease Java thread stack sizes (-Xss)
#   Set larger code cache with -XX:ReservedCodeCacheSize=
#   JVM is running with Unscaled Compressed Oops mode in which the Java heap is
#     placed in the first 4GB address space. The Java Heap base address is the
#     maximum limit for the native heap growth. Please use -XX:HeapBaseMinAddress
#     to set the Java Heap base and to place the Java Heap above 4GB virtual address.
# This output file may be truncated or incomplete.
#
#  Out of Memory Error (allocation.cpp:389), pid=2560, tid=0x0000000000002848
#
# JRE version: Java(TM) SE Runtime Environment (8.0_281-b09) (build 1.8.0_281-b09)
# Java VM: Java HotSpot(TM) 64-Bit Server VM (25.281-b09 mixed mode windows-amd64 compressed oops)
# Failed to write core dump. Minidumps are not enabled by default on client versions of Windows
#

---------------  T H R E A D  ---------------

Current thread (0x0000021edea88000):  JavaThread "C2 CompilerThread1" daemon [_thread_in_native, id=10312, stack(0x000000dd92500000,0x000000dd92600000)]

Stack: [0x000000dd92500000,0x000000dd92600000]
Native frames: (J=compiled Java code, j=interpreted, Vv=VM code, C=native code)
V  [jvm.dll+0x32e5b9]
V  [jvm.dll+0x275012]
V  [jvm.dll+0x275cbd]
V  [jvm.dll+0x26c6f5]
V  [jvm.dll+0xd51fc]
V  [jvm.dll+0xd59fc]
V  [jvm.dll+0xd554d]
V  [jvm.dll+0x4c5d1f]
V  [jvm.dll+0x48d521]
V  [jvm.dll+0x441e7e]
V  [jvm.dll+0x43f664]
V  [jvm.dll+0x42a5e7]
V  [jvm.dll+0xabe9b]
V  [jvm.dll+0xaa4fb]
V  [jvm.dll+0x23d6b2]
V  [jvm.dll+0x291cbc]
C  [ucrtbase.dll+0x21bb2]
C  [KERNEL32.DLL+0x17034]
C  [ntdll.dll+0x52651]


Current CompileTask:
C2: 137223 1857       4       java.util.jar.JarFile::maybeInstantiateVerifier (96 bytes)


---------------  P R O C E S S  ---------------

Java Threads: ( => current thread )
  0x0000021ec8b59000 JavaThread "DestroyJavaVM" [_thread_blocked, id=1736, stack(0x000000dd91a00000,0x000000dd91b00000)]
  0x0000021edea7f800 JavaThread "pool-1-thread-1" [_thread_in_vm, id=12212, stack(0x000000dd92a00000,0x000000dd92b00000)]
  0x0000021ee0df9800 JavaThread "pool-2-thread-1" [_thread_blocked, id=9856, stack(0x000000dd92900000,0x000000dd92a00000)]
  0x0000021edea8d800 JavaThread "Service Thread" daemon [_thread_blocked, id=13144, stack(0x000000dd92700000,0x000000dd92800000)]
  0x0000021edea89000 JavaThread "C1 CompilerThread2" daemon [_thread_blocked, id=704, stack(0x000000dd92600000,0x000000dd92700000)]
=>0x0000021edea88000 JavaThread "C2 CompilerThread1" daemon [_thread_in_native, id=10312, stack(0x000000dd92500000,0x000000dd92600000)]
  0x0000021edea28000 JavaThread "C2 CompilerThread0" daemon [_thread_blocked, id=4428, stack(0x000000dd92400000,0x000000dd92500000)]
  0x0000021edea25000 JavaThread "Attach Listener" daemon [_thread_blocked, id=15316, stack(0x000000dd92300000,0x000000dd92400000)]
  0x0000021edea24000 JavaThread "Signal Dispatcher" daemon [_thread_blocked, id=19068, stack(0x000000dd92200000,0x000000dd92300000)]
  0x0000021edea08000 JavaThread "Finalizer" daemon [_thread_blocked, id=15016, stack(0x000000dd92100000,0x000000dd92200000)]
  0x0000021ede9e0800 JavaThread "Reference Handler" daemon [_thread_blocked, id=6940, stack(0x000000dd92000000,0x000000dd92100000)]

Other Threads:
  0x0000021ede9d4000 VMThread [stack: 0x000000dd91f00000,0x000000dd92000000] [id=12584]
  0x0000021edeb1d000 WatcherThread [stack: 0x000000dd92800000,0x000000dd92900000] [id=14424]

VM state:synchronizing (normal execution)

VM Mutex/Monitor currently owned by a thread:  ([mutex/lock_event])
[0x0000021ec8b56030] Threads_lock - owner thread: 0x0000021ede9d4000

heap address: 0x0000000086a00000, size: 1942 MB, Compressed Oops mode: 32-bit
Narrow klass base: 0x0000000000000000, Narrow klass shift: 3
Compressed class space size: 1073741824 Address: 0x0000000100000000

Heap:
 PSYoungGen      total 36352K, used 11866K [0x00000000d7900000, 0x00000000da180000, 0x0000000100000000)
  eden space 31232K, 21% used [0x00000000d7900000,0x00000000d7f99030,0x00000000d9780000)
  from space 5120K, 99% used [0x00000000d9780000,0x00000000d9c7d8e8,0x00000000d9c80000)
  to   space 5120K, 0% used [0x00000000d9c80000,0x00000000d9c80000,0x00000000da180000)
 ParOldGen       total 83456K, used 8175K [0x0000000086a00000, 0x000000008bb80000, 0x00000000d7900000)
  object space 83456K, 9% used [0x0000000086a00000,0x00000000871fbe10,0x000000008bb80000)
 Metaspace       used 19885K, capacity 20360K, committed 20480K, reserved 1067008K
  class space    used 2428K, capacity 2544K, committed 2560K, reserved 1048576K

Card table byte_map: [0x0000021ed9940000,0x0000021ed9d10000] byte_map_base: 0x0000021ed950b000

Marking Bits: (ParMarkBitMap*) 0x00000000774e6ff0
 Begin Bits: [0x0000021ed9fa0000, 0x0000021edbdf8000)
 End Bits:   [0x0000021edbdf8000, 0x0000021eddc50000)

Polling page: 0x0000021ec8d00000

CodeCache: size=245760Kb used=5336Kb max_used=5800Kb free=240423Kb
 bounds [0x0000021eca580000, 0x0000021ecab30000, 0x0000021ed9580000]
 total_blobs=2114 nmethods=1691 adapters=335
 compilation: enabled

Compilation events (10 events):
Event: 130.133 Thread 0x0000021edea89000 nmethod 1852 0x0000021eca69f5d0 code [0x0000021eca69f720, 0x0000021eca69f838]
Event: 130.147 Thread 0x0000021edea89000 1853       3       java.io.File::<init> (113 bytes)
Event: 130.150 Thread 0x0000021edea89000 nmethod 1853 0x0000021eca696210 code [0x0000021eca696480, 0x0000021eca6971b0]
Event: 130.157 Thread 0x0000021edea89000 1854       3       java.io.WinNTFileSystem::normalize (143 bytes)
Event: 130.159 Thread 0x0000021edea89000 nmethod 1854 0x0000021eca8c5d90 code [0x0000021eca8c5f80, 0x0000021eca8c67b0]
Event: 135.957 Thread 0x0000021edea89000 1855       3       java.util.TreeMap::setColor (10 bytes)
Event: 135.958 Thread 0x0000021edea89000 nmethod 1855 0x0000021eca797910 code [0x0000021eca797a60, 0x0000021eca797bd8]
Event: 136.137 Thread 0x0000021edea89000 1856   !   3       sun.misc.URLClassPath$FileLoader::getResource (164 bytes)
Event: 136.144 Thread 0x0000021edea89000 nmethod 1856 0x0000021eca820a90 code [0x0000021eca820dc0, 0x0000021eca8225f0]
Event: 137.048 Thread 0x0000021edea88000 1857       4       java.util.jar.JarFile::maybeInstantiateVerifier (96 bytes)

GC Heap History (6 events):
Event: 20.790 GC heap before
{Heap before GC invocations=1 (full 0):
 PSYoungGen      total 36352K, used 31232K [0x00000000d7900000, 0x00000000da180000, 0x0000000100000000)
  eden space 31232K, 100% used [0x00000000d7900000,0x00000000d9780000,0x00000000d9780000)
  from space 5120K, 0% used [0x00000000d9c80000,0x00000000d9c80000,0x00000000da180000)
  to   space 5120K, 0% used [0x00000000d9780000,0x00000000d9780000,0x00000000d9c80000)
 ParOldGen       total 83456K, used 0K [0x0000000086a00000, 0x000000008bb80000, 0x00000000d7900000)
  object space 83456K, 0% used [0x0000000086a00000,0x0000000086a00000,0x000000008bb80000)
 Metaspace       used 6955K, capacity 7068K, committed 7296K, reserved 1056768K
  class space    used 809K, capacity 866K, committed 896K, reserved 1048576K
Event: 20.987 GC heap after
Heap after GC invocations=1 (full 0):
 PSYoungGen      total 36352K, used 5098K [0x00000000d7900000, 0x00000000da180000, 0x0000000100000000)
  eden space 31232K, 0% used [0x00000000d7900000,0x00000000d7900000,0x00000000d9780000)
  from space 5120K, 99% used [0x00000000d9780000,0x00000000d9c7a878,0x00000000d9c80000)
  to   space 5120K, 0% used [0x00000000d9c80000,0x00000000d9c80000,0x00000000da180000)
 ParOldGen       total 83456K, used 290K [0x0000000086a00000, 0x000000008bb80000, 0x00000000d7900000)
  object space 83456K, 0% used [0x0000000086a00000,0x0000000086a48830,0x000000008bb80000)
 Metaspace       used 6955K, capacity 7068K, committed 7296K, reserved 1056768K
  class space    used 809K, capacity 866K, committed 896K, reserved 1048576K
}
Event: 36.034 GC heap before
{Heap before GC invocations=2 (full 0):
 PSYoungGen      total 36352K, used 36330K [0x00000000d7900000, 0x00000000da180000, 0x0000000100000000)
  eden space 31232K, 100% used [0x00000000d7900000,0x00000000d9780000,0x00000000d9780000)
  from space 5120K, 99% used [0x00000000d9780000,0x00000000d9c7a878,0x00000000d9c80000)
  to   space 5120K, 0% used [0x00000000d9c80000,0x00000000d9c80000,0x00000000da180000)
 ParOldGen       total 83456K, used 290K [0x0000000086a00000, 0x000000008bb80000, 0x00000000d7900000)
  object space 83456K, 0% used [0x0000000086a00000,0x0000000086a48830,0x000000008bb80000)
 Metaspace       used 11634K, capacity 12016K, committed 12160K, reserved 1060864K
  class space    used 1442K, capacity 1548K, committed 1664K, reserved 1048576K
Event: 36.216 GC heap after
Heap after GC invocations=2 (full 0):
 PSYoungGen      total 36352K, used 5101K [0x00000000d7900000, 0x00000000dc000000, 0x0000000100000000)
  eden space 31232K, 0% used [0x00000000d7900000,0x00000000d7900000,0x00000000d9780000)
  from space 5120K, 99% used [0x00000000d9c80000,0x00000000da17b6a8,0x00000000da180000)
  to   space 5120K, 0% used [0x00000000d9780000,0x00000000d9780000,0x00000000d9c80000)
 ParOldGen       total 83456K, used 2728K [0x0000000086a00000, 0x000000008bb80000, 0x00000000d7900000)
  object space 83456K, 3% used [0x0000000086a00000,0x0000000086caa168,0x000000008bb80000)
 Metaspace       used 11634K, capacity 12016K, committed 12160K, reserved 1060864K
  class space    used 1442K, capacity 1548K, committed 1664K, reserved 1048576K
}
Event: 48.440 GC heap before
{Heap before GC invocations=3 (full 0):
 PSYoungGen      total 36352K, used 36333K [0x00000000d7900000, 0x00000000dc000000, 0x0000000100000000)
  eden space 31232K, 100% used [0x00000000d7900000,0x00000000d9780000,0x00000000d9780000)
  from space 5120K, 99% used [0x00000000d9c80000,0x00000000da17b6a8,0x00000000da180000)
  to   space 5120K, 0% used [0x00000000d9780000,0x00000000d9780000,0x00000000d9c80000)
 ParOldGen       total 83456K, used 2728K [0x0000000086a00000, 0x000000008bb80000, 0x00000000d7900000)
  object space 83456K, 3% used [0x0000000086a00000,0x0000000086caa168,0x000000008bb80000)
 Metaspace       used 18426K, capacity 18916K, committed 19072K, reserved 1067008K
  class space    used 2251K, capacity 2366K, committed 2432K, reserved 1048576K
Event: 48.493 GC heap after
Heap after GC invocations=3 (full 0):
 PSYoungGen      total 36352K, used 5110K [0x00000000d7900000, 0x00000000da180000, 0x0000000100000000)
  eden space 31232K, 0% used [0x00000000d7900000,0x00000000d7900000,0x00000000d9780000)
  from space 5120K, 99% used [0x00000000d9780000,0x00000000d9c7d8e8,0x00000000d9c80000)
  to   space 5120K, 0% used [0x00000000d9c80000,0x00000000d9c80000,0x00000000da180000)
 ParOldGen       total 83456K, used 8175K [0x0000000086a00000, 0x000000008bb80000, 0x00000000d7900000)
  object space 83456K, 9% used [0x0000000086a00000,0x00000000871fbe10,0x000000008bb80000)
 Metaspace       used 18426K, capacity 18916K, committed 19072K, reserved 1067008K
  class space    used 2251K, capacity 2366K, committed 2432K, reserved 1048576K
}

Deoptimization events (10 events):
Event: 43.277 Thread 0x0000021ec8b59000 Uncommon trap: reason=unstable_if action=reinterpret pc=0x0000021eca968e2c method=java.lang.String.regionMatches(ZILjava/lang/String;II)Z @ 123
Event: 43.877 Thread 0x0000021ec8b59000 Uncommon trap: reason=class_check action=maybe_recompile pc=0x0000021ecaa8e920 method=java.util.concurrent.ConcurrentHashMap.putVal(Ljava/lang/Object;Ljava/lang/Object;Z)Ljava/lang/Object; @ 192
Event: 43.877 Thread 0x0000021ec8b59000 Uncommon trap: reason=class_check action=maybe_recompile pc=0x0000021ecaa8e920 method=java.util.concurrent.ConcurrentHashMap.putVal(Ljava/lang/Object;Ljava/lang/Object;Z)Ljava/lang/Object; @ 192
Event: 43.886 Thread 0x0000021ec8b59000 Uncommon trap: reason=class_check action=maybe_recompile pc=0x0000021ecaa8e920 method=java.util.concurrent.ConcurrentHashMap.putVal(Ljava/lang/Object;Ljava/lang/Object;Z)Ljava/lang/Object; @ 192
Event: 45.185 Thread 0x0000021ec8b59000 Uncommon trap: reason=class_check action=maybe_recompile pc=0x0000021ecaa8e920 method=java.util.concurrent.ConcurrentHashMap.putVal(Ljava/lang/Object;Ljava/lang/Object;Z)Ljava/lang/Object; @ 192
Event: 114.950 Thread 0x0000021edea7f800 Uncommon trap: reason=unstable_if action=reinterpret pc=0x0000021eca81ec6c method=java.io.WinNTFileSystem.normalize(Ljava/lang/String;)Ljava/lang/String; @ 128
Event: 114.950 Thread 0x0000021edea7f800 Uncommon trap: reason=unstable_if action=reinterpret pc=0x0000021eca780fec method=java.io.WinNTFileSystem.normalize(Ljava/lang/String;II)Ljava/lang/String; @ 8
Event: 119.578 Thread 0x0000021edea7f800 Uncommon trap: reason=bimorphic action=maybe_recompile pc=0x0000021ecaa260c8 method=java.util.TimSort.binarySort([Ljava/lang/Object;IIILjava/util/Comparator;)V @ 93
Event: 128.373 Thread 0x0000021edea7f800 Uncommon trap: reason=bimorphic action=maybe_recompile pc=0x0000021ecaa260c8 method=java.util.TimSort.binarySort([Ljava/lang/Object;IIILjava/util/Comparator;)V @ 93
Event: 136.158 Thread 0x0000021edea7f800 Uncommon trap: reason=null_check action=make_not_entrant pc=0x0000021eca90d5d0 method=java.lang.StringCoding.deref(Ljava/lang/ThreadLocal;)Ljava/lang/Object; @ 4

Classes redefined (0 events):
No events

Internal exceptions (10 events):
Event: 41.862 Thread 0x0000021ec8b59000 Exception <a 'java/lang/NoSuchMethodError': java.lang.Object.lambda$identity$2(Ljava/lang/Object;)Ljava/lang/Object;> (0x00000000d88f6ca0) thrown at [C:\jenkins\workspace\8-2-build-windows-amd64-cygwin\jdk8u281\880\hotspot\src\share\vm\interpreter\linkRes
Event: 41.869 Thread 0x0000021ec8b59000 Exception <a 'java/lang/NoSuchMethodError': java.lang.Object.lambda$andThen$1(Ljava/util/function/Function;Ljava/lang/Object;)Ljava/lang/Object;> (0x00000000d8908a98) thrown at [C:\jenkins\workspace\8-2-build-windows-amd64-cygwin\jdk8u281\880\hotspot\src\
Event: 43.030 Thread 0x0000021ec8b59000 Exception <a 'java/lang/ClassNotFoundException': org/apache/log4j/PatternLayoutBeanInfo> (0x00000000d8b188f8) thrown at [C:\jenkins\workspace\8-2-build-windows-amd64-cygwin\jdk8u281\880\hotspot\src\share\vm\classfile\systemDictionary.cpp, line 212]
Event: 43.032 Thread 0x0000021ec8b59000 Exception <a 'java/lang/ClassNotFoundException': org/apache/log4j/LayoutBeanInfo> (0x00000000d8b39200) thrown at [C:\jenkins\workspace\8-2-build-windows-amd64-cygwin\jdk8u281\880\hotspot\src\share\vm\classfile\systemDictionary.cpp, line 212]
Event: 43.033 Thread 0x0000021ec8b59000 Exception <a 'java/lang/ClassNotFoundException': java/lang/ObjectBeanInfo> (0x00000000d8b47898) thrown at [C:\jenkins\workspace\8-2-build-windows-amd64-cygwin\jdk8u281\880\hotspot\src\share\vm\classfile\systemDictionary.cpp, line 212]
Event: 43.034 Thread 0x0000021ec8b59000 Exception <a 'java/lang/ClassNotFoundException': java/lang/ObjectCustomizer> (0x00000000d8b560f0) thrown at [C:\jenkins\workspace\8-2-build-windows-amd64-cygwin\jdk8u281\880\hotspot\src\share\vm\classfile\systemDictionary.cpp, line 212]
Event: 43.046 Thread 0x0000021ec8b59000 Exception <a 'java/lang/ClassNotFoundException': org/apache/log4j/LayoutCustomizer> (0x00000000d8b7cfa0) thrown at [C:\jenkins\workspace\8-2-build-windows-amd64-cygwin\jdk8u281\880\hotspot\src\share\vm\classfile\systemDictionary.cpp, line 212]
Event: 43.065 Thread 0x0000021ec8b59000 Exception <a 'java/lang/ClassNotFoundException': org/apache/log4j/PatternLayoutCustomizer> (0x00000000d8bb3438) thrown at [C:\jenkins\workspace\8-2-build-windows-amd64-cygwin\jdk8u281\880\hotspot\src\share\vm\classfile\systemDictionary.cpp, line 212]
Event: 43.266 Thread 0x0000021ec8b59000 Implicit null exception at 0x0000021eca7c1256 to 0x0000021eca7c15f1
Event: 136.158 Thread 0x0000021edea7f800 Implicit null exception at 0x0000021eca90ce8c to 0x0000021eca90d5c1

Events (10 events):
Event: 136.158 Thread 0x0000021edea7f800 DEOPT PACKING pc=0x0000021eca90d5d0 sp=0x000000dd92afa000
Event: 136.158 Thread 0x0000021edea7f800 DEOPT UNPACKING pc=0x0000021eca5c5843 sp=0x000000dd92af9ec0 mode 2
Event: 136.182 loading class org/arakhne/afc/math/tree/node/AbstractTreeNode
Event: 136.182 loading class org/arakhne/afc/math/tree/node/AbstractTreeNode done
Event: 136.922 loading class org/arakhne/afc/math/tree/node/AbstractParentlessTreeNode
Event: 136.922 loading class org/arakhne/afc/math/tree/node/AbstractParentlessTreeNode done
Event: 136.989 loading class org/arakhne/afc/math/tree/TreeNode
Event: 136.989 loading class org/arakhne/afc/math/tree/TreeNode done
Event: 137.071 loading class org/arakhne/afc/math/tree/IterableNode
Event: 137.071 loading class org/arakhne/afc/math/tree/IterableNode done


Dynamic libraries:
0x00007ff78ef70000 - 0x00007ff78efb7000 	C:\Program Files\Java\jre1.8.0_281\bin\javaw.exe
0x00007ffc16930000 - 0x00007ffc16b25000 	C:\WINDOWS\SYSTEM32\ntdll.dll
0x00007ffc15590000 - 0x00007ffc1564d000 	C:\WINDOWS\System32\KERNEL32.DLL
0x00007ffc14100000 - 0x00007ffc143c8000 	C:\WINDOWS\System32\KERNELBASE.dll
0x00007ffc15da0000 - 0x00007ffc15e4c000 	C:\WINDOWS\System32\ADVAPI32.dll
0x00007ffc16280000 - 0x00007ffc1631e000 	C:\WINDOWS\System32\msvcrt.dll
0x00007ffc16730000 - 0x00007ffc167cb000 	C:\WINDOWS\System32\sechost.dll
0x00007ffc15f90000 - 0x00007ffc160bb000 	C:\WINDOWS\System32\RPCRT4.dll
0x00007ffc14af0000 - 0x00007ffc14c90000 	C:\WINDOWS\System32\USER32.dll
0x00007ffc14070000 - 0x00007ffc14092000 	C:\WINDOWS\System32\win32u.dll
0x00007ffc16250000 - 0x00007ffc1627a000 	C:\WINDOWS\System32\GDI32.dll
0x00007ffc14690000 - 0x00007ffc1479b000 	C:\WINDOWS\System32\gdi32full.dll
0x00007ffc147a0000 - 0x00007ffc1483d000 	C:\WINDOWS\System32\msvcp_win.dll
0x00007ffc14840000 - 0x00007ffc14940000 	C:\WINDOWS\System32\ucrtbase.dll
0x00007ffc033f0000 - 0x00007ffc0368a000 	C:\WINDOWS\WinSxS\amd64_microsoft.windows.common-controls_6595b64144ccf1df_6.0.19041.844_none_ca00b6081b84eb1d\COMCTL32.dll
0x00007ffc14ac0000 - 0x00007ffc14af0000 	C:\WINDOWS\System32\IMM32.DLL
0x00007ffc00b80000 - 0x00007ffc00b95000 	C:\Program Files\Java\jre1.8.0_281\bin\vcruntime140.dll
0x00007ffbeb270000 - 0x00007ffbeb30b000 	C:\Program Files\Java\jre1.8.0_281\bin\msvcp140.dll
0x0000000076d00000 - 0x000000007755f000 	C:\Program Files\Java\jre1.8.0_281\bin\server\jvm.dll
0x00007ffc15f80000 - 0x00007ffc15f88000 	C:\WINDOWS\System32\PSAPI.DLL
0x00007ffc04a60000 - 0x00007ffc04a69000 	C:\WINDOWS\SYSTEM32\WSOCK32.dll
0x00007ffc16880000 - 0x00007ffc168eb000 	C:\WINDOWS\System32\WS2_32.dll
0x00007ffc0ae20000 - 0x00007ffc0ae47000 	C:\WINDOWS\SYSTEM32\WINMM.dll
0x00007ffc05b50000 - 0x00007ffc05b5a000 	C:\WINDOWS\SYSTEM32\VERSION.dll
0x00007ffc12990000 - 0x00007ffc129a2000 	C:\WINDOWS\SYSTEM32\kernel.appcore.dll
0x00007ffc0fc40000 - 0x00007ffc0fc50000 	C:\Program Files\Java\jre1.8.0_281\bin\verify.dll
0x00007ffc01d50000 - 0x00007ffc01d7b000 	C:\Program Files\Java\jre1.8.0_281\bin\java.dll
0x00007ffc02960000 - 0x00007ffc02978000 	C:\Program Files\Java\jre1.8.0_281\bin\zip.dll
0x00007ffc15650000 - 0x00007ffc15d92000 	C:\WINDOWS\System32\SHELL32.dll
0x00007ffc11ff0000 - 0x00007ffc12780000 	C:\WINDOWS\SYSTEM32\windows.storage.dll
0x00007ffc163d0000 - 0x00007ffc16725000 	C:\WINDOWS\System32\combase.dll
0x00007ffc13ae0000 - 0x00007ffc13b0c000 	C:\WINDOWS\SYSTEM32\Wldp.dll
0x00007ffc167d0000 - 0x00007ffc1687e000 	C:\WINDOWS\System32\SHCORE.dll
0x00007ffc15250000 - 0x00007ffc152a5000 	C:\WINDOWS\System32\shlwapi.dll
0x00007ffc13fb0000 - 0x00007ffc13fcf000 	C:\WINDOWS\SYSTEM32\profapi.dll
0x00007ffc13a30000 - 0x00007ffc13a48000 	C:\WINDOWS\SYSTEM32\CRYPTSP.dll
0x00007ffc13180000 - 0x00007ffc131b4000 	C:\WINDOWS\system32\rsaenh.dll
0x00007ffc143d0000 - 0x00007ffc143f7000 	C:\WINDOWS\System32\bcrypt.dll
0x00007ffc13f70000 - 0x00007ffc13f9e000 	C:\WINDOWS\SYSTEM32\USERENV.dll
0x00007ffc14610000 - 0x00007ffc14690000 	C:\WINDOWS\System32\bcryptprimitives.dll
0x00007ffc13a20000 - 0x00007ffc13a2c000 	C:\WINDOWS\SYSTEM32\CRYPTBASE.dll
0x00007ffc01ee0000 - 0x00007ffc01efc000 	C:\Program Files\Java\jre1.8.0_281\bin\net.dll
0x00007ffc13850000 - 0x00007ffc138ba000 	C:\WINDOWS\system32\mswsock.dll
0x00007ffc134f0000 - 0x00007ffc1352b000 	C:\WINDOWS\SYSTEM32\IPHLPAPI.DLL
0x00007ffc163a0000 - 0x00007ffc163a8000 	C:\WINDOWS\System32\NSI.dll
0x00007ffc0e700000 - 0x00007ffc0e717000 	C:\WINDOWS\SYSTEM32\dhcpcsvc6.DLL
0x00007ffc0e640000 - 0x00007ffc0e65d000 	C:\WINDOWS\SYSTEM32\dhcpcsvc.DLL
0x00007ffc13530000 - 0x00007ffc135fc000 	C:\WINDOWS\SYSTEM32\DNSAPI.dll
0x00007ffc01da0000 - 0x00007ffc01db3000 	C:\Program Files\Java\jre1.8.0_281\bin\nio.dll
0x00007ffc03870000 - 0x00007ffc03a54000 	C:\WINDOWS\SYSTEM32\dbghelp.dll

VM Arguments:
jvm_args: -Dfile.encoding=UTF-8 
java_command: io.sarl.sre.boot.Boot --log=info --boot-type=default crs_sim.environment.EnvironmentAgent --
java_class_path (initial): C:\Users\Admin\Documents\IA51-SARL\plugins\io.janusproject.plugin_0.11.0.jar;C:\Users\Admin\Documents\IA51-SARL\plugins\io.sarl.core_0.11.0.jar;C:\Users\Admin\Documents\IA51-SARL\plugins\org.apache.commons.cli_1.4.0.jar;C:\Users\Admin\Documents\IA51-SARL\plugins\org.arakhne.afc.core.vmutils_16.0.0.jar;C:\Users\Admin\Documents\IA51-SARL\plugins\org.arakhne.afc.core.util_16.0.0.jar;C:\Users\Admin\Documents\IA51-SARL\plugins\org.arakhne.afc.core.inputoutput_16.0.0.jar;C:\Users\Admin\Documents\IA51-SARL\plugins\com.google.gson_2.8.6.jar;C:\Users\Admin\Documents\IA51-SARL\plugins\com.fasterxml.jackson.core.jackson-annotations_2.11.0.jar;C:\Users\Admin\Documents\IA51-SARL\plugins\com.fasterxml.jackson.core.jackson-core_2.11.0.jar;C:\Users\Admin\Documents\IA51-SARL\plugins\com.fasterxml.jackson.core.jackson-databind_2.11.0.jar;C:\Users\Admin\Documents\IA51-SARL\plugins\com.fasterxml.jackson.dataformat.jackson-dataformat-xml_2.11.0.jar;C:\Users\Admin\Documents\IA51-SARL\plugins\com.fasterxml.jackson.dataformat.jackson-dataformat-yaml_2.11.0.jar;C:\Users\Admin\Documents\IA51-SARL\plugins\io.bootique_1.1.0.jar;C:\Users\Admin\Documents\IA51-SARL\plugins\org.arakhne.afc.bootique.log4j_16.0.0.jar;C:\Users\Admin\Documents\IA51-SARL\plugins\java-uuid-generator_4.0.1.jar;C:\Users\Admin\Documents\IA51-SARL\plugins\io.sarl.lang.core_0.11.0.jar;C:\Users\Admin\Documents\IA51-SARL\plugins\io.sarl.util_0.11.0.jar;C:\Users\Admin\Documents\IA51-SARL\plugins\com.google.guava_29.0.0.jre.jar;C:\Users\Admin\Documents\IA51-SARL\plugins\com.fasterxml.jackson.module.jackson-module-jaxb-annotations_2.11.0.jar;C:\Users\Admin\Documents\IA51-SARL\plugins\stax2-api_4.2.0.jar;C:\Users\Admin\Documents\IA51-SARL\plugins\org.yaml.snakeyaml_1.26.0.jar;C:\Users\Admin\Documents\IA51-SARL\plugins\net.sf.jopt-simple.jopt-simple_5.0.3.jar;C:\Users\Admin\Documents\IA51-SARL\plugins\org.apache.log4j_1.2.15.v201012070815.jar;C:\Users\Admin\Documents\IA51-SARL\plugins\org.arakhne.afc.bo
Launcher Type: SUN_STANDARD

Environment Variables:
PATH=C:/Program Files/Java/jre1.8.0_281/bin/server;C:/Program Files/Java/jre1.8.0_281/bin;C:/Program Files/Java/jre1.8.0_281/lib/amd64;C:\Program Files (x86)\Common Files\Oracle\Java\javapath;C:\WINDOWS\system32;C:\WINDOWS;C:\WINDOWS\System32\Wbem;C:\WINDOWS\System32\WindowsPowerShell\v1.0\;C:\WINDOWS\System32\OpenSSH\;C:\Program Files\Git\cmd;C:\Program Files\PuTTY\;C:\Users\Admin\AppData\Local\Microsoft\WindowsApps;C:\Users\Admin\AppData\Local\GitHubDesktop\bin;C:\Users\Admin\Documents\IA51-SARL;
USERNAME=Admin
OS=Windows_NT
PROCESSOR_IDENTIFIER=Intel64 Family 6 Model 58 Stepping 9, GenuineIntel



---------------  S Y S T E M  ---------------

OS: Windows 10.0 , 64 bit Build 19041 (10.0.19041.928)

CPU:total 4 (initial active 4) (2 cores per cpu, 2 threads per core) family 6 model 58 stepping 9, cmov, cx8, fxsr, mmx, sse, sse2, sse3, ssse3, sse4.1, sse4.2, popcnt, avx, aes, clmul, erms, ht, tsc, tscinvbit, tscinv

Memory: 4k page, physical 7954292k(279672k free), swap 32071540k(2632k free)

vm_info: Java HotSpot(TM) 64-Bit Server VM (25.281-b09) for windows-amd64 JRE (1.8.0_281-b09), built on Dec  9 2020 13:54:07 by "" with MS VC++ 15.9 (VS2017)

time: Sat Jun  5 18:27:30 2021
timezone: Paris, Madrid (heure d’été)
elapsed time: 137.245500 seconds (0d 0h 2m 17s)

